

Started GET "/pages/home" for 127.0.0.1 at 2011-03-20 05:34:07 -0600
  Processing by PagesController#home as HTML
Rendered pages/home.html.erb within layouts/application (1.9ms)
Completed 200 OK in 7ms (Views: 6.4ms | ActiveRecord: 0.0ms)


Started GET "/pages/home" for 127.0.0.1 at 2011-03-21 01:08:14 -0600
  Processing by PagesController#home as HTML
Rendered pages/home.html.erb within layouts/application (0.9ms)
Completed 200 OK in 32ms (Views: 31.2ms | ActiveRecord: 0.0ms)


Started GET "/pages/about" for 127.0.0.1 at 2011-03-21 01:08:20 -0600
  Processing by PagesController#about as HTML
Rendered pages/about.html.erb within layouts/application (1.0ms)
Completed 200 OK in 53ms (Views: 53.0ms | ActiveRecord: 0.0ms)


Started GET "/pages/about" for 127.0.0.1 at 2011-03-21 01:25:22 -0600
  Processing by PagesController#about as HTML
Rendered pages/about.html.erb within layouts/application (1.4ms)
Completed 200 OK in 6ms (Views: 5.3ms | ActiveRecord: 0.0ms)


Started GET "/pages/about" for 127.0.0.1 at 2011-03-21 01:25:26 -0600
  Processing by PagesController#about as HTML
Rendered pages/about.html.erb within layouts/application (1.3ms)
Completed 200 OK in 6ms (Views: 5.5ms | ActiveRecord: 0.0ms)


Started GET "/pages/about" for 127.0.0.1 at 2011-03-21 15:08:16 -0600
  Processing by PagesController#about as HTML
Rendered pages/about.html.erb within layouts/application (2.1ms)
Completed 200 OK in 43ms (Views: 42.8ms | ActiveRecord: 0.0ms)


Started GET "/stylesheets/custom.css" for 127.0.0.1 at 2011-03-21 15:08:18 -0600

ActionController::RoutingError (No route matches "/stylesheets/custom.css"):
  

Rendered /Users/sherman/.rvm/gems/ruby-1.9.2-p180/gems/actionpack-3.0.5/lib/action_dispatch/middleware/templates/rescues/routing_error.erb within rescues/layout (1.0ms)


Started GET "/images/logo.png" for 127.0.0.1 at 2011-03-21 15:08:18 -0600

ActionController::RoutingError (No route matches "/images/logo.png"):
  

Rendered /Users/sherman/.rvm/gems/ruby-1.9.2-p180/gems/actionpack-3.0.5/lib/action_dispatch/middleware/templates/rescues/routing_error.erb within rescues/layout (1.0ms)


Started GET "/pages/about" for 127.0.0.1 at 2011-03-21 15:09:19 -0600
  Processing by PagesController#about as HTML
Rendered pages/about.html.erb within layouts/application (1.9ms)
Completed 200 OK in 6ms (Views: 5.7ms | ActiveRecord: 0.0ms)


Started GET "/stylesheets/custom.css" for 127.0.0.1 at 2011-03-21 15:09:19 -0600

ActionController::RoutingError (No route matches "/stylesheets/custom.css"):
  

Rendered /Users/sherman/.rvm/gems/ruby-1.9.2-p180/gems/actionpack-3.0.5/lib/action_dispatch/middleware/templates/rescues/routing_error.erb within rescues/layout (1.1ms)


Started GET "/images/logo.png" for 127.0.0.1 at 2011-03-21 15:09:19 -0600

ActionController::RoutingError (No route matches "/images/logo.png"):
  

Rendered /Users/sherman/.rvm/gems/ruby-1.9.2-p180/gems/actionpack-3.0.5/lib/action_dispatch/middleware/templates/rescues/routing_error.erb within rescues/layout (0.9ms)


Started GET "/pages/home" for 127.0.0.1 at 2011-03-21 15:09:22 -0600
  Processing by PagesController#home as HTML
Rendered pages/home.html.erb within layouts/application (1.8ms)
Completed 200 OK in 7ms (Views: 6.9ms | ActiveRecord: 0.0ms)


Started GET "/stylesheets/custom.css" for 127.0.0.1 at 2011-03-21 15:09:22 -0600

ActionController::RoutingError (No route matches "/stylesheets/custom.css"):
  

Rendered /Users/sherman/.rvm/gems/ruby-1.9.2-p180/gems/actionpack-3.0.5/lib/action_dispatch/middleware/templates/rescues/routing_error.erb within rescues/layout (1.3ms)


Started GET "/images/logo.png" for 127.0.0.1 at 2011-03-21 15:09:22 -0600

ActionController::RoutingError (No route matches "/images/logo.png"):
  

Rendered /Users/sherman/.rvm/gems/ruby-1.9.2-p180/gems/actionpack-3.0.5/lib/action_dispatch/middleware/templates/rescues/routing_error.erb within rescues/layout (1.0ms)


Started GET "/pages/home" for 127.0.0.1 at 2011-03-21 15:16:08 -0600
  Processing by PagesController#home as HTML
Rendered pages/home.html.erb within layouts/application (2.6ms)
Completed 200 OK in 8ms (Views: 7.9ms | ActiveRecord: 0.0ms)


Started GET "/stylesheets/custom.css" for 127.0.0.1 at 2011-03-21 15:16:09 -0600

ActionController::RoutingError (No route matches "/stylesheets/custom.css"):
  

Rendered /Users/sherman/.rvm/gems/ruby-1.9.2-p180/gems/actionpack-3.0.5/lib/action_dispatch/middleware/templates/rescues/routing_error.erb within rescues/layout (2.7ms)


Started GET "/pages/home" for 127.0.0.1 at 2011-03-21 15:17:15 -0600
  Processing by PagesController#home as HTML
Rendered pages/home.html.erb within layouts/application (128.0ms)
Completed 200 OK in 179ms (Views: 178.9ms | ActiveRecord: 0.0ms)


Started GET "/pages/home" for 127.0.0.1 at 2011-03-21 15:17:52 -0600
  Processing by PagesController#home as HTML
Rendered pages/home.html.erb within layouts/application (2.5ms)
Completed 200 OK in 44ms (Views: 43.4ms | ActiveRecord: 0.0ms)


Started GET "/pages/home" for 127.0.0.1 at 2011-03-21 15:18:26 -0600
  Processing by PagesController#home as HTML
Rendered pages/home.html.erb within layouts/application (3.4ms)
Completed 200 OK in 7ms (Views: 7.0ms | ActiveRecord: 0.0ms)


Started GET "/pages/home" for 127.0.0.1 at 2011-03-21 15:18:45 -0600
  Processing by PagesController#home as HTML
Rendered pages/home.html.erb within layouts/application (2.2ms)
Completed 200 OK in 6ms (Views: 6.1ms | ActiveRecord: 0.0ms)


Started GET "/pages/home" for 127.0.0.1 at 2011-03-21 15:24:34 -0600
  Processing by PagesController#home as HTML
Rendered layouts/_stylesheets.html.erb (1.2ms)
Rendered layouts/_header.html.erb (1.3ms)
Rendered layouts/_footer.html.erb (0.5ms)
Rendered pages/home.html.erb within layouts/application (18.9ms)
Completed 200 OK in 37ms (Views: 36.4ms | ActiveRecord: 0.0ms)


Started GET "/about" for 127.0.0.1 at 2011-03-21 15:35:47 -0600
  Processing by PagesController#about as HTML
Rendered layouts/_stylesheets.html.erb (1.2ms)
Rendered layouts/_header.html.erb (1.1ms)
Rendered layouts/_footer.html.erb (0.7ms)
Rendered pages/about.html.erb within layouts/application (30.2ms)
Completed 200 OK in 36ms (Views: 34.9ms | ActiveRecord: 0.0ms)
  [1m[36mSQL (0.3ms)[0m  [1m SELECT name
 FROM sqlite_master
 WHERE type = 'table' AND NOT name = 'sqlite_sequence'
[0m
  [1m[35mSQL (0.1ms)[0m  select sqlite_version(*)
  [1m[36mSQL (1.5ms)[0m  [1mCREATE TABLE "schema_migrations" ("version" varchar(255) NOT NULL) [0m
  [1m[35mSQL (0.0ms)[0m  PRAGMA index_list("schema_migrations")
  [1m[36mSQL (38.1ms)[0m  [1mCREATE UNIQUE INDEX "unique_schema_migrations" ON "schema_migrations" ("version")[0m
  [1m[35mSQL (0.1ms)[0m   SELECT name
 FROM sqlite_master
 WHERE type = 'table' AND NOT name = 'sqlite_sequence'
  [1m[36mSQL (0.2ms)[0m  [1m SELECT name
 FROM sqlite_master
 WHERE type = 'table' AND NOT name = 'sqlite_sequence'
[0m
  [1m[35mSQL (0.1ms)[0m   SELECT name
 FROM sqlite_master
 WHERE type = 'table' AND NOT name = 'sqlite_sequence'
  [1m[36mSQL (0.2ms)[0m  [1mSELECT "schema_migrations"."version" FROM "schema_migrations"[0m
  [1m[35mSQL (0.1ms)[0m   SELECT name
 FROM sqlite_master
 WHERE type = 'table' AND NOT name = 'sqlite_sequence'
  [1m[36mSQL (0.7ms)[0m  [1m SELECT name
 FROM sqlite_master
 WHERE type = 'table' AND NOT name = 'sqlite_sequence'
[0m
  [1m[35mSQL (0.1ms)[0m  select sqlite_version(*)
  [1m[36mSQL (0.1ms)[0m  [1m SELECT name
 FROM sqlite_master
 WHERE type = 'table' AND NOT name = 'sqlite_sequence'
[0m
  [1m[35mSQL (0.1ms)[0m   SELECT name
 FROM sqlite_master
 WHERE type = 'table' AND NOT name = 'sqlite_sequence'
  [1m[36mSQL (0.7ms)[0m  [1mSELECT "schema_migrations"."version" FROM "schema_migrations"[0m
  [1m[35mSQL (0.1ms)[0m   SELECT name
 FROM sqlite_master
 WHERE type = 'table' AND NOT name = 'sqlite_sequence'


Started GET "/" for 127.0.0.1 at 2011-03-21 15:48:08 -0600
  Processing by PagesController#home as HTML
Rendered layouts/_stylesheets.html.erb (1.0ms)
Rendered layouts/_header.html.erb (0.6ms)
Rendered layouts/_footer.html.erb (0.4ms)
Rendered pages/home.html.erb within layouts/application (7.1ms)
Completed 200 OK in 12ms (Views: 11.1ms | ActiveRecord: 0.0ms)


Started GET "/about" for 127.0.0.1 at 2011-03-21 15:48:12 -0600
  Processing by PagesController#about as HTML
Rendered layouts/_stylesheets.html.erb (1.2ms)
Rendered layouts/_header.html.erb (3.0ms)
Rendered layouts/_footer.html.erb (0.6ms)
Rendered pages/about.html.erb within layouts/application (13.9ms)
Completed 200 OK in 22ms (Views: 21.5ms | ActiveRecord: 0.0ms)


Started GET "/about" for 127.0.0.1 at 2011-03-21 15:51:39 -0600
  Processing by PagesController#about as HTML
Rendered layouts/_stylesheets.html.erb (1.0ms)
Rendered layouts/_header.html.erb (1.3ms)
Rendered layouts/_footer.html.erb (0.7ms)
Rendered pages/about.html.erb within layouts/application (6.9ms)
Completed 200 OK in 11ms (Views: 10.4ms | ActiveRecord: 0.0ms)


Started GET "/" for 127.0.0.1 at 2011-03-21 15:51:42 -0600
  Processing by PagesController#home as HTML
Rendered layouts/_stylesheets.html.erb (1.1ms)
Rendered layouts/_header.html.erb (1.2ms)
Rendered layouts/_footer.html.erb (0.8ms)
Rendered pages/home.html.erb within layouts/application (6.9ms)
Completed 200 OK in 11ms (Views: 10.5ms | ActiveRecord: 0.0ms)


Started GET "/contact" for 127.0.0.1 at 2011-03-21 15:51:43 -0600
  Processing by PagesController#contact as HTML
Rendered layouts/_stylesheets.html.erb (1.0ms)
Rendered layouts/_header.html.erb (1.3ms)
Rendered layouts/_footer.html.erb (0.7ms)
Rendered pages/contact.html.erb within layouts/application (6.9ms)
Completed 200 OK in 11ms (Views: 10.4ms | ActiveRecord: 0.0ms)


Started GET "/about" for 127.0.0.1 at 2011-03-21 15:51:49 -0600
  Processing by PagesController#about as HTML
Rendered layouts/_stylesheets.html.erb (1.1ms)
Rendered layouts/_header.html.erb (2.9ms)
Rendered layouts/_footer.html.erb (0.9ms)
Rendered pages/about.html.erb within layouts/application (10.6ms)
Completed 200 OK in 15ms (Views: 14.3ms | ActiveRecord: 0.0ms)


Started GET "/users/new" for 127.0.0.1 at 2011-03-21 15:57:44 -0600
  Processing by UsersController#new as HTML
Rendered layouts/_stylesheets.html.erb (1.0ms)
Rendered layouts/_header.html.erb (1.2ms)
Rendered layouts/_footer.html.erb (0.7ms)
Rendered users/new.html.erb within layouts/application (6.5ms)
Completed 200 OK in 11ms (Views: 10.4ms | ActiveRecord: 0.0ms)


Started GET "/" for 127.0.0.1 at 2011-03-21 16:04:15 -0600
  Processing by PagesController#home as HTML
Rendered layouts/_stylesheets.html.erb (1.1ms)
Rendered layouts/_header.html.erb (1.3ms)
Rendered layouts/_footer.html.erb (0.8ms)
Rendered pages/home.html.erb within layouts/application (10.6ms)
Completed 200 OK in 15ms (Views: 14.3ms | ActiveRecord: 0.0ms)


Started GET "/signup" for 127.0.0.1 at 2011-03-21 16:04:19 -0600
  Processing by UsersController#new as HTML
Rendered layouts/_stylesheets.html.erb (1.0ms)
Rendered layouts/_header.html.erb (1.3ms)
Rendered layouts/_footer.html.erb (1.0ms)
Rendered users/new.html.erb within layouts/application (9.5ms)
Completed 200 OK in 13ms (Views: 13.1ms | ActiveRecord: 0.0ms)


Started GET "/signup" for 127.0.0.1 at 2011-03-21 16:09:30 -0600
  Processing by UsersController#new as HTML
Rendered layouts/_stylesheets.html.erb (1.1ms)
Rendered layouts/_header.html.erb (1.1ms)
Rendered layouts/_footer.html.erb (0.7ms)
Rendered users/new.html.erb within layouts/application (6.9ms)
Completed 200 OK in 12ms (Views: 11.5ms | ActiveRecord: 0.0ms)


Started GET "/" for 127.0.0.1 at 2011-03-21 16:09:34 -0600
  Processing by PagesController#home as HTML
Rendered layouts/_stylesheets.html.erb (1.0ms)
Rendered layouts/_header.html.erb (1.1ms)
Rendered layouts/_footer.html.erb (0.7ms)
Rendered pages/home.html.erb within layouts/application (6.8ms)
Completed 200 OK in 11ms (Views: 10.3ms | ActiveRecord: 0.0ms)


Started GET "/signup" for 127.0.0.1 at 2011-03-21 16:09:36 -0600
  Processing by UsersController#new as HTML
Rendered layouts/_stylesheets.html.erb (1.0ms)
Rendered layouts/_header.html.erb (1.3ms)
Rendered layouts/_footer.html.erb (0.7ms)
Rendered users/new.html.erb within layouts/application (6.9ms)
Completed 200 OK in 12ms (Views: 11.0ms | ActiveRecord: 0.0ms)
  [1m[36mSQL (0.4ms)[0m  [1m SELECT name
 FROM sqlite_master
 WHERE type = 'table' AND NOT name = 'sqlite_sequence'
[0m
  [1m[35mSQL (0.2ms)[0m   SELECT name
 FROM sqlite_master
 WHERE type = 'table' AND NOT name = 'sqlite_sequence'
  [1m[36mSQL (0.1ms)[0m  [1mSELECT "schema_migrations"."version" FROM "schema_migrations"[0m
Migrating to CreateUsers (20110321225210)
  [1m[35mSQL (0.1ms)[0m  select sqlite_version(*)
  [1m[36mSQL (0.5ms)[0m  [1mCREATE TABLE "users" ("id" INTEGER PRIMARY KEY AUTOINCREMENT NOT NULL, "name" varchar(255), "email" varchar(255), "created_at" datetime, "updated_at" datetime) [0m
  [1m[35mSQL (0.1ms)[0m  INSERT INTO "schema_migrations" ("version") VALUES ('20110321225210')
  [1m[36mSQL (0.3ms)[0m  [1m SELECT name
 FROM sqlite_master
 WHERE type = 'table' AND NOT name = 'sqlite_sequence'
[0m
  [1m[35mSQL (0.1ms)[0m  SELECT "schema_migrations"."version" FROM "schema_migrations"
  [1m[36mSQL (0.1ms)[0m  [1m SELECT name
 FROM sqlite_master
 WHERE type = 'table' AND NOT name = 'sqlite_sequence'
[0m
  [1m[35mSQL (0.0ms)[0m  PRAGMA index_list("users")
  [1m[36mSQL (0.4ms)[0m  [1m SELECT name
 FROM sqlite_master
 WHERE type = 'table' AND NOT name = 'sqlite_sequence'
[0m
  [1m[35mSQL (0.1ms)[0m   SELECT name
 FROM sqlite_master
 WHERE type = 'table' AND NOT name = 'sqlite_sequence'
  [1m[36mSQL (0.1ms)[0m  [1mSELECT "schema_migrations"."version" FROM "schema_migrations"[0m
  [1m[35mSQL (0.1ms)[0m   SELECT name
 FROM sqlite_master
 WHERE type = 'table' AND NOT name = 'sqlite_sequence'
  [1m[36mSQL (0.1ms)[0m  [1mSELECT "schema_migrations"."version" FROM "schema_migrations"[0m
Migrating to CreateUsers (20110321225210)
  [1m[35mSQL (0.0ms)[0m  select sqlite_version(*)
  [1m[36mSQL (0.7ms)[0m  [1mDROP TABLE "users"[0m
  [1m[35mAREL (0.1ms)[0m  DELETE FROM "schema_migrations" WHERE "schema_migrations"."version" = '20110321225210'
  [1m[36mSQL (0.8ms)[0m  [1m SELECT name
 FROM sqlite_master
 WHERE type = 'table' AND NOT name = 'sqlite_sequence'
[0m
  [1m[35mSQL (0.1ms)[0m  SELECT "schema_migrations"."version" FROM "schema_migrations"
  [1m[36mSQL (0.1ms)[0m  [1m SELECT name
 FROM sqlite_master
 WHERE type = 'table' AND NOT name = 'sqlite_sequence'
[0m
  [1m[36mSQL (0.4ms)[0m  [1m SELECT name
 FROM sqlite_master
 WHERE type = 'table' AND NOT name = 'sqlite_sequence'
[0m
  [1m[35mSQL (0.1ms)[0m   SELECT name
 FROM sqlite_master
 WHERE type = 'table' AND NOT name = 'sqlite_sequence'
  [1m[36mSQL (0.1ms)[0m  [1mSELECT "schema_migrations"."version" FROM "schema_migrations"[0m
Migrating to CreateUsers (20110321225210)
  [1m[35mSQL (0.1ms)[0m  select sqlite_version(*)
  [1m[36mSQL (0.5ms)[0m  [1mCREATE TABLE "users" ("id" INTEGER PRIMARY KEY AUTOINCREMENT NOT NULL, "name" varchar(255), "email" varchar(255), "created_at" datetime, "updated_at" datetime) [0m
  [1m[35mSQL (0.1ms)[0m  INSERT INTO "schema_migrations" ("version") VALUES ('20110321225210')
  [1m[36mSQL (0.2ms)[0m  [1m SELECT name
 FROM sqlite_master
 WHERE type = 'table' AND NOT name = 'sqlite_sequence'
[0m
  [1m[35mSQL (0.1ms)[0m  SELECT "schema_migrations"."version" FROM "schema_migrations"
  [1m[36mSQL (0.2ms)[0m  [1m SELECT name
 FROM sqlite_master
 WHERE type = 'table' AND NOT name = 'sqlite_sequence'
[0m
  [1m[35mSQL (0.1ms)[0m  PRAGMA index_list("users")
  [1m[36mSQL (0.5ms)[0m  [1m SELECT name
 FROM sqlite_master
 WHERE type = 'table' AND NOT name = 'sqlite_sequence'
[0m
  [1m[35mSQL (0.1ms)[0m   SELECT name
 FROM sqlite_master
 WHERE type = 'table' AND NOT name = 'sqlite_sequence'
  [1m[36mSQL (0.1ms)[0m  [1mSELECT "schema_migrations"."version" FROM "schema_migrations"[0m
  [1m[36mSQL (0.2ms)[0m  [1m SELECT name
 FROM sqlite_master
 WHERE type = 'table' AND NOT name = 'sqlite_sequence'
[0m
  [1m[35mAREL (0.4ms)[0m  INSERT INTO "users" ("name", "email", "created_at", "updated_at") VALUES ('Sherman Tsang', 'sherman@e19.ca', '2011-03-21 23:04:12.973275', '2011-03-21 23:04:12.973275')
  [1m[36mUser Load (0.1ms)[0m  [1mSELECT "users".* FROM "users" LIMIT 1[0m
  [1m[35mAREL (0.1ms)[0m  DELETE FROM "users" WHERE "users"."id" = 1
  [1m[36mUser Load (0.1ms)[0m  [1mSELECT "users".* FROM "users"[0m
  [1m[35mUser Load (0.1ms)[0m  SELECT "users".* FROM "users" WHERE "users"."id" = 1 LIMIT 1
  [1m[36mAREL (0.1ms)[0m  [1mINSERT INTO "users" ("name", "email", "created_at", "updated_at") VALUES ('Sherman Tsang', 'sherman@e19.ca', '2011-03-21 23:07:34.247250', '2011-03-21 23:07:34.247250')[0m
  [1m[35mSQL (0.2ms)[0m   SELECT name
 FROM sqlite_master
 WHERE type = 'table' AND NOT name = 'sqlite_sequence'
  [1m[36mUser Load (0.2ms)[0m  [1mSELECT "users".* FROM "users"[0m
  [1m[35mUser Load (0.2ms)[0m  SELECT "users".* FROM "users" WHERE "users"."id" = 2 LIMIT 1
  [1m[36mUser Load (0.1ms)[0m  [1mSELECT "users".* FROM "users" WHERE "users"."id" = 3 LIMIT 1[0m
  [1m[35mAREL (0.1ms)[0m  UPDATE "users" SET "name" = 'S Tsang', "updated_at" = '2011-03-21 23:08:47.483850' WHERE "users"."id" = 2
  [1m[36mSQL (0.5ms)[0m  [1m SELECT name
 FROM sqlite_master
 WHERE type = 'table' AND NOT name = 'sqlite_sequence'
[0m
  [1m[35mSQL (0.1ms)[0m   SELECT name
 FROM sqlite_master
 WHERE type = 'table' AND NOT name = 'sqlite_sequence'
  [1m[36mSQL (0.1ms)[0m  [1mSELECT "schema_migrations"."version" FROM "schema_migrations"[0m
  [1m[35mSQL (0.2ms)[0m  select sqlite_version(*)
  [1m[36mSQL (0.1ms)[0m  [1m SELECT name
 FROM sqlite_master
 WHERE type = 'table' AND NOT name = 'sqlite_sequence'
[0m
  [1m[35mSQL (2.4ms)[0m  CREATE TABLE "users" ("id" INTEGER PRIMARY KEY AUTOINCREMENT NOT NULL, "name" varchar(255), "email" varchar(255), "created_at" datetime, "updated_at" datetime) 
  [1m[36mSQL (0.2ms)[0m  [1m SELECT name
 FROM sqlite_master
 WHERE type = 'table' AND NOT name = 'sqlite_sequence'
[0m
  [1m[35mSQL (1.5ms)[0m  CREATE TABLE "schema_migrations" ("version" varchar(255) NOT NULL) 
  [1m[36mSQL (0.1ms)[0m  [1mPRAGMA index_list("schema_migrations")[0m
  [1m[35mSQL (20.9ms)[0m  CREATE UNIQUE INDEX "unique_schema_migrations" ON "schema_migrations" ("version")
  [1m[36mSQL (0.2ms)[0m  [1m SELECT name
 FROM sqlite_master
 WHERE type = 'table' AND NOT name = 'sqlite_sequence'
[0m
  [1m[35mSQL (0.2ms)[0m  SELECT version FROM "schema_migrations"
  [1m[36mSQL (1.3ms)[0m  [1mINSERT INTO "schema_migrations" (version) VALUES ('20110321225210')[0m
  [1m[36mSQL (0.5ms)[0m  [1m SELECT name
 FROM sqlite_master
 WHERE type = 'table' AND NOT name = 'sqlite_sequence'
[0m
  [1m[35mSQL (0.1ms)[0m   SELECT name
 FROM sqlite_master
 WHERE type = 'table' AND NOT name = 'sqlite_sequence'
  [1m[36mSQL (0.2ms)[0m  [1mSELECT "schema_migrations"."version" FROM "schema_migrations"[0m
Migrating to CreateUsers (20110321225210)
Migrating to AddEmailUniquenessIndex (20110321233016)
  [1m[35mSQL (0.1ms)[0m  select sqlite_version(*)
  [1m[36mSQL (0.1ms)[0m  [1mPRAGMA index_list("users")[0m
  [1m[35mSQL (0.6ms)[0m  CREATE UNIQUE INDEX "index_users_on_email" ON "users" ("email")
  [1m[36mSQL (0.1ms)[0m  [1mINSERT INTO "schema_migrations" ("version") VALUES ('20110321233016')[0m
  [1m[35mSQL (0.4ms)[0m   SELECT name
 FROM sqlite_master
 WHERE type = 'table' AND NOT name = 'sqlite_sequence'
  [1m[36mSQL (0.1ms)[0m  [1mSELECT "schema_migrations"."version" FROM "schema_migrations"[0m
  [1m[35mSQL (0.1ms)[0m   SELECT name
 FROM sqlite_master
 WHERE type = 'table' AND NOT name = 'sqlite_sequence'
  [1m[36mSQL (0.1ms)[0m  [1mPRAGMA index_list("users")[0m
  [1m[35mSQL (0.1ms)[0m  PRAGMA index_info('index_users_on_email')


Started GET "/" for 127.0.0.1 at 2011-03-21 17:34:00 -0600
  Processing by PagesController#home as HTML
Rendered layouts/_stylesheets.html.erb (2.3ms)
Rendered layouts/_header.html.erb (1.4ms)
Rendered layouts/_footer.html.erb (1.0ms)
Rendered pages/home.html.erb within layouts/application (63.3ms)
Completed 200 OK in 69ms (Views: 68.8ms | ActiveRecord: 0.0ms)


Started GET "/" for 127.0.0.1 at 2011-03-21 17:34:27 -0600
  Processing by PagesController#home as HTML
Rendered layouts/_stylesheets.html.erb (1.0ms)
Rendered layouts/_header.html.erb (1.3ms)
Rendered layouts/_footer.html.erb (0.8ms)
Rendered pages/home.html.erb within layouts/application (7.6ms)
Completed 200 OK in 12ms (Views: 11.2ms | ActiveRecord: 0.0ms)


Started GET "/" for 127.0.0.1 at 2011-03-21 17:34:50 -0600
  Processing by PagesController#home as HTML
Rendered layouts/_stylesheets.html.erb (1.0ms)
Rendered layouts/_header.html.erb (1.2ms)
Rendered layouts/_footer.html.erb (0.8ms)
Rendered pages/home.html.erb within layouts/application (9.2ms)
Completed 200 OK in 13ms (Views: 12.8ms | ActiveRecord: 0.0ms)
  [1m[36mSQL (0.2ms)[0m  [1m SELECT name
 FROM sqlite_master
 WHERE type = 'table' AND NOT name = 'sqlite_sequence'
[0m
  [1m[35mUser Load (0.1ms)[0m  SELECT "users"."id" FROM "users" WHERE (LOWER("users"."email") = LOWER('sherman@e19.ca')) LIMIT 1
  [1m[36mAREL (0.4ms)[0m  [1mINSERT INTO "users" ("name", "email", "created_at", "updated_at") VALUES ('Sherman Tsang', 'sherman@e19.ca', '2011-03-21 23:39:42.780740', '2011-03-21 23:39:42.780740')[0m


Started GET "/users/1" for 127.0.0.1 at 2011-03-21 17:44:49 -0600
  Processing by UsersController#show as HTML
  Parameters: {"id"=>"1"}
  [1m[36mSQL (0.5ms)[0m  [1m SELECT name
 FROM sqlite_master
 WHERE type = 'table' AND NOT name = 'sqlite_sequence'
[0m
  [1m[35mUser Load (0.2ms)[0m  SELECT "users".* FROM "users" WHERE "users"."id" = 1 LIMIT 1
Rendered layouts/_stylesheets.html.erb (1.2ms)
Rendered layouts/_header.html.erb (1.2ms)
Rendered layouts/_footer.html.erb (1.1ms)
Rendered users/show.html.erb within layouts/application (19.0ms)
Completed 200 OK in 116ms (Views: 24.8ms | ActiveRecord: 0.8ms)


Started GET "/users/1" for 127.0.0.1 at 2011-03-21 17:45:38 -0600
  Processing by UsersController#show as HTML
  Parameters: {"id"=>"1"}
  [1m[36mUser Load (0.2ms)[0m  [1mSELECT "users".* FROM "users" WHERE "users"."id" = 1 LIMIT 1[0m
Rendered layouts/_stylesheets.html.erb (1.1ms)
Rendered layouts/_header.html.erb (1.7ms)
Rendered layouts/_footer.html.erb (0.9ms)
Rendered users/show.html.erb within layouts/application (54.9ms)
Completed 200 OK in 72ms (Views: 59.9ms | ActiveRecord: 0.2ms)
  [1m[36mSQL (0.5ms)[0m  [1m SELECT name
 FROM sqlite_master
 WHERE type = 'table' AND NOT name = 'sqlite_sequence'
[0m
  [1m[35mSQL (0.1ms)[0m   SELECT name
 FROM sqlite_master
 WHERE type = 'table' AND NOT name = 'sqlite_sequence'
  [1m[36mSQL (0.1ms)[0m  [1mSELECT "schema_migrations"."version" FROM "schema_migrations"[0m
Migrating to CreateUsers (20110321225210)
Migrating to AddEmailUniquenessIndex (20110321233016)
Migrating to AddPasswordToUsers (20110322010743)
  [1m[35mSQL (0.1ms)[0m  select sqlite_version(*)
  [1m[36mSQL (16.1ms)[0m  [1mALTER TABLE "users" ADD "encruypted_password" varchar(255)[0m
  [1m[35mSQL (0.1ms)[0m  INSERT INTO "schema_migrations" ("version") VALUES ('20110322010743')
  [1m[36mSQL (0.3ms)[0m  [1m SELECT name
 FROM sqlite_master
 WHERE type = 'table' AND NOT name = 'sqlite_sequence'
[0m
  [1m[35mSQL (0.2ms)[0m  SELECT "schema_migrations"."version" FROM "schema_migrations"
  [1m[36mSQL (0.1ms)[0m  [1m SELECT name
 FROM sqlite_master
 WHERE type = 'table' AND NOT name = 'sqlite_sequence'
[0m
  [1m[35mSQL (0.1ms)[0m  PRAGMA index_list("users")
  [1m[36mSQL (0.1ms)[0m  [1mPRAGMA index_info('index_users_on_email')[0m
  [1m[36mSQL (0.6ms)[0m  [1m SELECT name
 FROM sqlite_master
 WHERE type = 'table' AND NOT name = 'sqlite_sequence'
[0m
  [1m[35mSQL (0.1ms)[0m   SELECT name
 FROM sqlite_master
 WHERE type = 'table' AND NOT name = 'sqlite_sequence'
  [1m[36mSQL (0.3ms)[0m  [1mSELECT "schema_migrations"."version" FROM "schema_migrations"[0m
  [1m[35mSQL (0.2ms)[0m  select sqlite_version(*)
  [1m[36mSQL (0.2ms)[0m  [1m SELECT name
 FROM sqlite_master
 WHERE type = 'table' AND NOT name = 'sqlite_sequence'
[0m
  [1m[35mSQL (1.7ms)[0m  CREATE TABLE "users" ("id" INTEGER PRIMARY KEY AUTOINCREMENT NOT NULL, "name" varchar(255), "email" varchar(255), "created_at" datetime, "updated_at" datetime, "encruypted_password" varchar(255)) 
  [1m[36mSQL (0.1ms)[0m  [1mPRAGMA index_list("users")[0m
  [1m[35mSQL (1.1ms)[0m  CREATE UNIQUE INDEX "index_users_on_email" ON "users" ("email")
  [1m[36mSQL (0.2ms)[0m  [1m SELECT name
 FROM sqlite_master
 WHERE type = 'table' AND NOT name = 'sqlite_sequence'
[0m
  [1m[35mSQL (1.2ms)[0m  CREATE TABLE "schema_migrations" ("version" varchar(255) NOT NULL) 
  [1m[36mSQL (0.4ms)[0m  [1mPRAGMA index_list("schema_migrations")[0m
  [1m[35mSQL (1.4ms)[0m  CREATE UNIQUE INDEX "unique_schema_migrations" ON "schema_migrations" ("version")
  [1m[36mSQL (0.2ms)[0m  [1m SELECT name
 FROM sqlite_master
 WHERE type = 'table' AND NOT name = 'sqlite_sequence'
[0m
  [1m[35mSQL (0.1ms)[0m  SELECT version FROM "schema_migrations"
  [1m[36mSQL (1.3ms)[0m  [1mINSERT INTO "schema_migrations" (version) VALUES ('20110322010743')[0m
  [1m[35mSQL (1.2ms)[0m  INSERT INTO "schema_migrations" (version) VALUES ('20110321225210')
  [1m[36mSQL (1.3ms)[0m  [1mINSERT INTO "schema_migrations" (version) VALUES ('20110321233016')[0m
  [1m[36mSQL (0.5ms)[0m  [1m SELECT name
 FROM sqlite_master
 WHERE type = 'table' AND NOT name = 'sqlite_sequence'
[0m
  [1m[35mSQL (0.1ms)[0m   SELECT name
 FROM sqlite_master
 WHERE type = 'table' AND NOT name = 'sqlite_sequence'
  [1m[36mSQL (0.2ms)[0m  [1mSELECT "schema_migrations"."version" FROM "schema_migrations"[0m
  [1m[35mSQL (0.3ms)[0m   SELECT name
 FROM sqlite_master
 WHERE type = 'table' AND NOT name = 'sqlite_sequence'
  [1m[36mSQL (0.1ms)[0m  [1mSELECT "schema_migrations"."version" FROM "schema_migrations"[0m
Migrating to AddPasswordToUsers (20110322010743)
  [1m[35mSQL (0.1ms)[0m  select sqlite_version(*)
  [1m[36mSQL (0.8ms)[0m  [1mCREATE TEMPORARY TABLE "altered_users" ("id" INTEGER PRIMARY KEY AUTOINCREMENT NOT NULL, "name" varchar(255), "email" varchar(255), "created_at" datetime, "updated_at" datetime, "encruypted_password" varchar(255)) [0m
  [1m[35mSQL (0.1ms)[0m  PRAGMA index_list("users")
  [1m[36mSQL (0.0ms)[0m  [1mPRAGMA index_info('index_users_on_email')[0m
  [1m[35mSQL (0.0ms)[0m  PRAGMA index_list("altered_users")
  [1m[36mSQL (0.5ms)[0m  [1mCREATE UNIQUE INDEX "temp_index_altered_users_on_email" ON "altered_users" ("email")[0m
  [1m[35mSQL (0.8ms)[0m  DROP TABLE "users"
  [1m[36mSQL (0.2ms)[0m  [1mCREATE TABLE "users" ("id" INTEGER PRIMARY KEY AUTOINCREMENT NOT NULL, "name" varchar(255), "email" varchar(255), "created_at" datetime, "updated_at" datetime) [0m
  [1m[35mSQL (0.1ms)[0m  PRAGMA index_list("altered_users")
  [1m[36mSQL (0.0ms)[0m  [1mPRAGMA index_info('temp_index_altered_users_on_email')[0m
  [1m[35mSQL (0.0ms)[0m  PRAGMA index_list("users")
  [1m[36mSQL (0.3ms)[0m  [1mCREATE UNIQUE INDEX "index_users_on_email" ON "users" ("email")[0m
  [1m[35mSQL (0.4ms)[0m  DROP TABLE "altered_users"
  [1m[36mAREL (0.2ms)[0m  [1mDELETE FROM "schema_migrations" WHERE "schema_migrations"."version" = '20110322010743'[0m
  [1m[35mSQL (0.3ms)[0m   SELECT name
 FROM sqlite_master
 WHERE type = 'table' AND NOT name = 'sqlite_sequence'
  [1m[36mSQL (0.2ms)[0m  [1mSELECT "schema_migrations"."version" FROM "schema_migrations"[0m
  [1m[35mSQL (0.1ms)[0m   SELECT name
 FROM sqlite_master
 WHERE type = 'table' AND NOT name = 'sqlite_sequence'
  [1m[36mSQL (0.1ms)[0m  [1mPRAGMA index_list("users")[0m
  [1m[35mSQL (0.0ms)[0m  PRAGMA index_info('index_users_on_email')
  [1m[36mSQL (0.4ms)[0m  [1m SELECT name
 FROM sqlite_master
 WHERE type = 'table' AND NOT name = 'sqlite_sequence'
[0m
  [1m[35mSQL (0.1ms)[0m   SELECT name
 FROM sqlite_master
 WHERE type = 'table' AND NOT name = 'sqlite_sequence'
  [1m[36mSQL (0.1ms)[0m  [1mSELECT "schema_migrations"."version" FROM "schema_migrations"[0m
Migrating to CreateUsers (20110321225210)
Migrating to AddEmailUniquenessIndex (20110321233016)
Migrating to AddPasswordToUsers (20110322010743)
  [1m[35mSQL (0.1ms)[0m  select sqlite_version(*)
  [1m[36mSQL (0.5ms)[0m  [1mALTER TABLE "users" ADD "encrypted_password" varchar(255)[0m
  [1m[35mSQL (0.1ms)[0m  INSERT INTO "schema_migrations" ("version") VALUES ('20110322010743')
  [1m[36mSQL (0.2ms)[0m  [1m SELECT name
 FROM sqlite_master
 WHERE type = 'table' AND NOT name = 'sqlite_sequence'
[0m
  [1m[35mSQL (0.1ms)[0m  SELECT "schema_migrations"."version" FROM "schema_migrations"
  [1m[36mSQL (0.2ms)[0m  [1m SELECT name
 FROM sqlite_master
 WHERE type = 'table' AND NOT name = 'sqlite_sequence'
[0m
  [1m[35mSQL (0.1ms)[0m  PRAGMA index_list("users")
  [1m[36mSQL (0.0ms)[0m  [1mPRAGMA index_info('index_users_on_email')[0m
  [1m[36mSQL (0.5ms)[0m  [1m SELECT name
 FROM sqlite_master
 WHERE type = 'table' AND NOT name = 'sqlite_sequence'
[0m
  [1m[35mSQL (0.1ms)[0m   SELECT name
 FROM sqlite_master
 WHERE type = 'table' AND NOT name = 'sqlite_sequence'
  [1m[36mSQL (0.2ms)[0m  [1mSELECT "schema_migrations"."version" FROM "schema_migrations"[0m
  [1m[36mSQL (0.6ms)[0m  [1m SELECT name
 FROM sqlite_master
 WHERE type = 'table' AND NOT name = 'sqlite_sequence'
[0m
  [1m[35mSQL (0.1ms)[0m   SELECT name
 FROM sqlite_master
 WHERE type = 'table' AND NOT name = 'sqlite_sequence'
  [1m[36mSQL (0.2ms)[0m  [1mSELECT "schema_migrations"."version" FROM "schema_migrations"[0m
  [1m[35mSQL (0.2ms)[0m  select sqlite_version(*)
  [1m[36mSQL (0.1ms)[0m  [1m SELECT name
 FROM sqlite_master
 WHERE type = 'table' AND NOT name = 'sqlite_sequence'
[0m
  [1m[35mSQL (2.0ms)[0m  CREATE TABLE "users" ("id" INTEGER PRIMARY KEY AUTOINCREMENT NOT NULL, "name" varchar(255), "email" varchar(255), "created_at" datetime, "updated_at" datetime, "encrypted_password" varchar(255)) 
  [1m[36mSQL (0.1ms)[0m  [1mPRAGMA index_list("users")[0m
  [1m[35mSQL (1.1ms)[0m  CREATE UNIQUE INDEX "index_users_on_email" ON "users" ("email")
  [1m[36mSQL (0.1ms)[0m  [1m SELECT name
 FROM sqlite_master
 WHERE type = 'table' AND NOT name = 'sqlite_sequence'
[0m
  [1m[35mSQL (2.1ms)[0m  CREATE TABLE "schema_migrations" ("version" varchar(255) NOT NULL) 
  [1m[36mSQL (0.2ms)[0m  [1mPRAGMA index_list("schema_migrations")[0m
  [1m[35mSQL (1.4ms)[0m  CREATE UNIQUE INDEX "unique_schema_migrations" ON "schema_migrations" ("version")
  [1m[36mSQL (0.1ms)[0m  [1m SELECT name
 FROM sqlite_master
 WHERE type = 'table' AND NOT name = 'sqlite_sequence'
[0m
  [1m[35mSQL (0.1ms)[0m  SELECT version FROM "schema_migrations"
  [1m[36mSQL (1.2ms)[0m  [1mINSERT INTO "schema_migrations" (version) VALUES ('20110322010743')[0m
  [1m[35mSQL (1.8ms)[0m  INSERT INTO "schema_migrations" (version) VALUES ('20110321225210')
  [1m[36mSQL (1.4ms)[0m  [1mINSERT INTO "schema_migrations" (version) VALUES ('20110321233016')[0m
  [1m[36mSQL (0.7ms)[0m  [1m SELECT name
 FROM sqlite_master
 WHERE type = 'table' AND NOT name = 'sqlite_sequence'
[0m
  [1m[35mSQL (0.1ms)[0m   SELECT name
 FROM sqlite_master
 WHERE type = 'table' AND NOT name = 'sqlite_sequence'
  [1m[36mSQL (0.2ms)[0m  [1mSELECT "schema_migrations"."version" FROM "schema_migrations"[0m
Migrating to CreateUsers (20110321225210)
Migrating to AddEmailUniquenessIndex (20110321233016)
Migrating to AddPasswordToUsers (20110322010743)
Migrating to AddSaltToUsers (20110322015040)
  [1m[35mSQL (0.1ms)[0m  select sqlite_version(*)
  [1m[36mSQL (0.5ms)[0m  [1mALTER TABLE "users" ADD "salt" varchar(255)[0m
  [1m[35mSQL (0.1ms)[0m  INSERT INTO "schema_migrations" ("version") VALUES ('20110322015040')
  [1m[36mSQL (0.3ms)[0m  [1m SELECT name
 FROM sqlite_master
 WHERE type = 'table' AND NOT name = 'sqlite_sequence'
[0m
  [1m[35mSQL (0.1ms)[0m  SELECT "schema_migrations"."version" FROM "schema_migrations"
  [1m[36mSQL (0.1ms)[0m  [1m SELECT name
 FROM sqlite_master
 WHERE type = 'table' AND NOT name = 'sqlite_sequence'
[0m
  [1m[35mSQL (0.1ms)[0m  PRAGMA index_list("users")
  [1m[36mSQL (0.0ms)[0m  [1mPRAGMA index_info('index_users_on_email')[0m
  [1m[36mSQL (0.4ms)[0m  [1m SELECT name
 FROM sqlite_master
 WHERE type = 'table' AND NOT name = 'sqlite_sequence'
[0m
  [1m[35mSQL (0.2ms)[0m   SELECT name
 FROM sqlite_master
 WHERE type = 'table' AND NOT name = 'sqlite_sequence'
  [1m[36mSQL (0.2ms)[0m  [1mSELECT "schema_migrations"."version" FROM "schema_migrations"[0m
  [1m[35mSQL (0.2ms)[0m  select sqlite_version(*)
  [1m[36mSQL (0.1ms)[0m  [1m SELECT name
 FROM sqlite_master
 WHERE type = 'table' AND NOT name = 'sqlite_sequence'
[0m
  [1m[35mSQL (2.2ms)[0m  CREATE TABLE "users" ("id" INTEGER PRIMARY KEY AUTOINCREMENT NOT NULL, "name" varchar(255), "email" varchar(255), "created_at" datetime, "updated_at" datetime, "encrypted_password" varchar(255), "salt" varchar(255)) 
  [1m[36mSQL (0.1ms)[0m  [1mPRAGMA index_list("users")[0m
  [1m[35mSQL (1.0ms)[0m  CREATE UNIQUE INDEX "index_users_on_email" ON "users" ("email")
  [1m[36mSQL (0.2ms)[0m  [1m SELECT name
 FROM sqlite_master
 WHERE type = 'table' AND NOT name = 'sqlite_sequence'
[0m
  [1m[35mSQL (1.1ms)[0m  CREATE TABLE "schema_migrations" ("version" varchar(255) NOT NULL) 
  [1m[36mSQL (0.1ms)[0m  [1mPRAGMA index_list("schema_migrations")[0m
  [1m[35mSQL (1.1ms)[0m  CREATE UNIQUE INDEX "unique_schema_migrations" ON "schema_migrations" ("version")
  [1m[36mSQL (0.2ms)[0m  [1m SELECT name
 FROM sqlite_master
 WHERE type = 'table' AND NOT name = 'sqlite_sequence'
[0m
  [1m[35mSQL (0.1ms)[0m  SELECT version FROM "schema_migrations"
  [1m[36mSQL (1.0ms)[0m  [1mINSERT INTO "schema_migrations" (version) VALUES ('20110322015040')[0m
  [1m[35mSQL (4.4ms)[0m  INSERT INTO "schema_migrations" (version) VALUES ('20110321225210')
  [1m[36mSQL (1.5ms)[0m  [1mINSERT INTO "schema_migrations" (version) VALUES ('20110321233016')[0m
  [1m[35mSQL (1.4ms)[0m  INSERT INTO "schema_migrations" (version) VALUES ('20110322010743')
  [1m[36mSQL (0.2ms)[0m  [1m SELECT name
 FROM sqlite_master
 WHERE type = 'table' AND NOT name = 'sqlite_sequence'
[0m
  [1m[35mUser Load (0.1ms)[0m  SELECT "users"."id" FROM "users" WHERE (LOWER("users"."email") = LOWER('sherman@e19.ca')) LIMIT 1
  [1m[36mUser Load (0.1ms)[0m  [1mSELECT "users"."id" FROM "users" WHERE (LOWER("users"."email") = LOWER('random@e19.ca')) LIMIT 1[0m
  [1m[35mAREL (0.5ms)[0m  INSERT INTO "users" ("name", "email", "created_at", "updated_at", "encrypted_password", "salt") VALUES ('Sherman Tsang', 'random@e19.ca', '2011-03-22 07:56:40.691489', '2011-03-22 07:56:40.691489', '09136a75f5e8b62cf01392280d1190277a07c35f611c51f22bddb21422e4ffd7', '9b713a97252571f67d5a6bd5daa7b723f0a02e76199c4f4f49af1a006ade3142')
  [1m[36mUser Load (0.2ms)[0m  [1mSELECT "users".* FROM "users" WHERE "users"."email" = 'random@e19.ca' LIMIT 1[0m
  [1m[36mSQL (0.3ms)[0m  [1mselect sqlite_version(*)[0m
  [1m[35mSQL (0.1ms)[0m   SELECT name
 FROM sqlite_master
 WHERE type = 'table' AND NOT name = 'sqlite_sequence'
  [1m[36mSQL (27.0ms)[0m  [1mCREATE TABLE "users" ("id" INTEGER PRIMARY KEY AUTOINCREMENT NOT NULL, "name" varchar(255), "email" varchar(255), "created_at" datetime, "updated_at" datetime, "encrypted_password" varchar(255), "salt" varchar(255)) [0m
  [1m[35mSQL (0.1ms)[0m  PRAGMA index_list("users")
  [1m[36mSQL (1.1ms)[0m  [1mCREATE UNIQUE INDEX "index_users_on_email" ON "users" ("email")[0m
  [1m[35mSQL (0.1ms)[0m   SELECT name
 FROM sqlite_master
 WHERE type = 'table' AND NOT name = 'sqlite_sequence'
  [1m[36mSQL (1.2ms)[0m  [1mCREATE TABLE "schema_migrations" ("version" varchar(255) NOT NULL) [0m
  [1m[35mSQL (0.0ms)[0m  PRAGMA index_list("schema_migrations")
  [1m[36mSQL (8.3ms)[0m  [1mCREATE UNIQUE INDEX "unique_schema_migrations" ON "schema_migrations" ("version")[0m
  [1m[35mSQL (0.2ms)[0m   SELECT name
 FROM sqlite_master
 WHERE type = 'table' AND NOT name = 'sqlite_sequence'
  [1m[36mSQL (0.1ms)[0m  [1mSELECT version FROM "schema_migrations"[0m
  [1m[35mSQL (1.6ms)[0m  INSERT INTO "schema_migrations" (version) VALUES ('20110322015040')
  [1m[36mSQL (1.2ms)[0m  [1mINSERT INTO "schema_migrations" (version) VALUES ('20110321225210')[0m
  [1m[35mSQL (1.5ms)[0m  INSERT INTO "schema_migrations" (version) VALUES ('20110321233016')
  [1m[36mSQL (1.2ms)[0m  [1mINSERT INTO "schema_migrations" (version) VALUES ('20110322010743')[0m
  [1m[35mSQL (0.2ms)[0m   SELECT name
 FROM sqlite_master
 WHERE type = 'table' AND NOT name = 'sqlite_sequence'
  [1m[36mSQL (0.1ms)[0m  [1m SELECT name
 FROM sqlite_master
 WHERE type = 'table' AND NOT name = 'sqlite_sequence'
[0m
  [1m[35mSQL (0.1ms)[0m  SELECT "schema_migrations"."version" FROM "schema_migrations"
  [1m[36mSQL (0.2ms)[0m  [1m SELECT name
 FROM sqlite_master
 WHERE type = 'table' AND NOT name = 'sqlite_sequence'
[0m
  [1m[35mUser Load (0.1ms)[0m  SELECT "users"."id" FROM "users" WHERE (LOWER("users"."email") = LOWER('user@example.com')) LIMIT 1
  [1m[36mAREL (0.4ms)[0m  [1mINSERT INTO "users" ("name", "email", "created_at", "updated_at", "encrypted_password", "salt") VALUES ('Example User', 'user@example.com', '2011-03-22 08:18:48.447500', '2011-03-22 08:18:48.447500', '2f3fe2f6829ed5903ada5c3280d5e8bcf755029e21fdac27f9a4c8ff9c7af696', '2c86cff0c9bdd18ee708caa25aaa93ce82c11e191e9200207feef86365fa64bd')[0m


Started GET "/users/1" for 127.0.0.1 at 2011-03-22 02:24:37 -0600
  Processing by UsersController#show as HTML
  Parameters: {"id"=>"1"}
  [1m[36mSQL (0.5ms)[0m  [1m SELECT name
 FROM sqlite_master
 WHERE type = 'table' AND NOT name = 'sqlite_sequence'
[0m
  [1m[35mUser Load (0.2ms)[0m  SELECT "users".* FROM "users" WHERE "users"."id" = 1 LIMIT 1
Rendered layouts/_stylesheets.html.erb (1.0ms)
Rendered layouts/_header.html.erb (1.2ms)
Rendered layouts/_footer.html.erb (0.8ms)
Rendered users/show.html.erb within layouts/application (35.2ms)
Completed 200 OK in 144ms (Views: 40.2ms | ActiveRecord: 0.7ms)
  [1m[36mUser Load (0.5ms)[0m  [1mSELECT "users".* FROM "users" LIMIT 1[0m
  [1m[35mSQL (0.2ms)[0m   SELECT name
 FROM sqlite_master
 WHERE type = 'table' AND NOT name = 'sqlite_sequence'
  [1m[36mUser Load (0.2ms)[0m  [1mSELECT "users"."id" FROM "users" WHERE (LOWER("users"."email") = LOWER('e@railstutorial.org')) AND ("users".id <> 1) LIMIT 1[0m
  [1m[35mAREL (1.9ms)[0m  UPDATE "users" SET "email" = 'e@railstutorial.org', "updated_at" = '2011-03-22 08:25:39.172210' WHERE "users"."id" = 1
  [1m[36mUser Load (0.2ms)[0m  [1mSELECT "users"."id" FROM "users" WHERE (LOWER("users"."email") = LOWER('example@railstutorial.org')) AND ("users".id <> 1) LIMIT 1[0m
  [1m[35mAREL (0.5ms)[0m  UPDATE "users" SET "email" = 'example@railstutorial.org', "updated_at" = '2011-03-22 08:26:12.316972' WHERE "users"."id" = 1


Started GET "/users/1" for 127.0.0.1 at 2011-03-22 02:26:53 -0600
  Processing by UsersController#show as HTML
  Parameters: {"id"=>"1"}
  [1m[36mSQL (0.5ms)[0m  [1m SELECT name
 FROM sqlite_master
 WHERE type = 'table' AND NOT name = 'sqlite_sequence'
[0m
  [1m[35mUser Load (0.2ms)[0m  SELECT "users".* FROM "users" WHERE "users"."id" = 1 LIMIT 1
Rendered layouts/_stylesheets.html.erb (1.0ms)
Rendered layouts/_header.html.erb (1.4ms)
Rendered layouts/_footer.html.erb (2.1ms)
Rendered users/show.html.erb within layouts/application (10.0ms)
Completed 200 OK in 118ms (Views: 13.9ms | ActiveRecord: 0.7ms)


Started GET "/users/1" for 127.0.0.1 at 2011-03-22 02:32:50 -0600
  Processing by UsersController#show as HTML
  Parameters: {"id"=>"1"}
  [1m[36mSQL (0.7ms)[0m  [1m SELECT name
 FROM sqlite_master
 WHERE type = 'table' AND NOT name = 'sqlite_sequence'
[0m
  [1m[35mUser Load (0.2ms)[0m  SELECT "users".* FROM "users" WHERE "users"."id" = 1 LIMIT 1
Rendered layouts/_stylesheets.html.erb (1.0ms)
Rendered layouts/_header.html.erb (1.4ms)
Rendered layouts/_footer.html.erb (0.8ms)
Rendered users/show.html.erb within layouts/application (11.4ms)
Completed 200 OK in 117ms (Views: 15.1ms | ActiveRecord: 0.9ms)


Started GET "/users/1" for 127.0.0.1 at 2011-03-22 02:34:22 -0600
  Processing by UsersController#show as HTML
  Parameters: {"id"=>"1"}
  [1m[36mUser Load (0.2ms)[0m  [1mSELECT "users".* FROM "users" WHERE "users"."id" = 1 LIMIT 1[0m
Rendered layouts/_stylesheets.html.erb (0.9ms)
Rendered layouts/_header.html.erb (3.0ms)
Rendered layouts/_footer.html.erb (1.3ms)
Rendered users/show.html.erb within layouts/application (11.2ms)
Completed 200 OK in 40ms (Views: 16.0ms | ActiveRecord: 0.2ms)
  [1m[36mSQL (0.5ms)[0m  [1mselect sqlite_version(*)[0m
  [1m[35mSQL (0.1ms)[0m   SELECT name
 FROM sqlite_master
 WHERE type = 'table' AND NOT name = 'sqlite_sequence'
  [1m[36mSQL (1.4ms)[0m  [1mCREATE TABLE "users" ("id" INTEGER PRIMARY KEY AUTOINCREMENT NOT NULL, "name" varchar(255), "email" varchar(255), "created_at" datetime, "updated_at" datetime, "encrypted_password" varchar(255), "salt" varchar(255)) [0m
  [1m[35mSQL (0.1ms)[0m  PRAGMA index_list("users")
  [1m[36mSQL (1.1ms)[0m  [1mCREATE UNIQUE INDEX "index_users_on_email" ON "users" ("email")[0m
  [1m[35mSQL (0.2ms)[0m   SELECT name
 FROM sqlite_master
 WHERE type = 'table' AND NOT name = 'sqlite_sequence'
  [1m[36mSQL (1.6ms)[0m  [1mCREATE TABLE "schema_migrations" ("version" varchar(255) NOT NULL) [0m
  [1m[35mSQL (0.1ms)[0m  PRAGMA index_list("schema_migrations")
  [1m[36mSQL (1.0ms)[0m  [1mCREATE UNIQUE INDEX "unique_schema_migrations" ON "schema_migrations" ("version")[0m
  [1m[35mSQL (0.1ms)[0m   SELECT name
 FROM sqlite_master
 WHERE type = 'table' AND NOT name = 'sqlite_sequence'
  [1m[36mSQL (0.1ms)[0m  [1mSELECT version FROM "schema_migrations"[0m
  [1m[35mSQL (3.0ms)[0m  INSERT INTO "schema_migrations" (version) VALUES ('20110322015040')
  [1m[36mSQL (1.4ms)[0m  [1mINSERT INTO "schema_migrations" (version) VALUES ('20110321225210')[0m
  [1m[35mSQL (1.6ms)[0m  INSERT INTO "schema_migrations" (version) VALUES ('20110321233016')
  [1m[36mSQL (1.3ms)[0m  [1mINSERT INTO "schema_migrations" (version) VALUES ('20110322010743')[0m
  [1m[35mSQL (0.2ms)[0m   SELECT name
 FROM sqlite_master
 WHERE type = 'table' AND NOT name = 'sqlite_sequence'
  [1m[36mSQL (0.1ms)[0m  [1m SELECT name
 FROM sqlite_master
 WHERE type = 'table' AND NOT name = 'sqlite_sequence'
[0m
  [1m[35mSQL (0.1ms)[0m  SELECT "schema_migrations"."version" FROM "schema_migrations"


Started GET "/users/new" for 127.0.0.1 at 2011-03-22 02:44:46 -0600
  Processing by UsersController#new as HTML
Rendered users/new.html.erb within layouts/application (88.4ms)
Completed   in 93ms

ActionView::Template::Error (undefined method `model_name' for NilClass:Class):
    1: <h1>Sign up</h1>
    2: 
    3: <%= form_for(@user) do |f| %>
    4:   <div class="field">
    5:     <%= f.label :name %><br />
    6:     <%= f.text_field :name %>
  app/views/users/new.html.erb:3:in `_app_views_users_new_html_erb___3587027469113931583_2152622980_2566241252104051119'

Rendered /Users/sherman/.rvm/gems/ruby-1.9.2-p180/gems/actionpack-3.0.5/lib/action_dispatch/middleware/templates/rescues/_trace.erb (1.3ms)
Rendered /Users/sherman/.rvm/gems/ruby-1.9.2-p180/gems/actionpack-3.0.5/lib/action_dispatch/middleware/templates/rescues/_request_and_response.erb (2.9ms)
Rendered /Users/sherman/.rvm/gems/ruby-1.9.2-p180/gems/actionpack-3.0.5/lib/action_dispatch/middleware/templates/rescues/template_error.erb within rescues/layout (9.4ms)


Started GET "/users/new" for 127.0.0.1 at 2011-03-22 02:47:17 -0600
  Processing by UsersController#new as HTML
Rendered layouts/_stylesheets.html.erb (1.0ms)
Rendered layouts/_header.html.erb (1.3ms)
Rendered layouts/_footer.html.erb (0.8ms)
Rendered users/new.html.erb within layouts/application (19.2ms)
Completed 200 OK in 38ms (Views: 22.7ms | ActiveRecord: 0.0ms)


Started GET "/users/new" for 127.0.0.1 at 2011-03-22 02:47:58 -0600
  Processing by UsersController#new as HTML
Rendered layouts/_stylesheets.html.erb (1.0ms)
Rendered layouts/_header.html.erb (1.0ms)
Rendered layouts/_footer.html.erb (0.8ms)
Rendered users/new.html.erb within layouts/application (14.8ms)
Completed 200 OK in 65ms (Views: 18.4ms | ActiveRecord: 0.0ms)


Started GET "/users/new" for 127.0.0.1 at 2011-03-22 02:48:30 -0600
  Processing by UsersController#new as HTML
Rendered layouts/_stylesheets.html.erb (1.1ms)
Rendered layouts/_header.html.erb (1.2ms)
Rendered layouts/_footer.html.erb (1.0ms)
Rendered users/new.html.erb within layouts/application (17.2ms)
Completed 200 OK in 39ms (Views: 21.1ms | ActiveRecord: 0.0ms)


Started POST "/users" for 127.0.0.1 at 2011-03-22 02:56:14 -0600
  Processing by UsersController#create as HTML
  Parameters: {"utf8"=>"✓", "authenticity_token"=>"PGpnW+3UQJH4UbEE1sJdjLb5S1b8I9IvEryax/ixgjw=", "user"=>{"name"=>"", "email"=>"", "password"=>"[FILTERED]", "password_confirmation"=>"[FILTERED]"}, "commit"=>"Sign up"}
  [1m[36mSQL (0.2ms)[0m  [1m SELECT name
 FROM sqlite_master
 WHERE type = 'table' AND NOT name = 'sqlite_sequence'
[0m
  [1m[35mUser Load (0.1ms)[0m  SELECT "users"."id" FROM "users" WHERE (LOWER("users"."email") = LOWER('')) LIMIT 1
Rendered layouts/_stylesheets.html.erb (1.0ms)
Rendered layouts/_header.html.erb (1.1ms)
Rendered layouts/_footer.html.erb (0.7ms)
Rendered users/new.html.erb within layouts/application (10.6ms)
Completed 200 OK in 104ms (Views: 14.1ms | ActiveRecord: 0.3ms)


Started POST "/users" for 127.0.0.1 at 2011-03-22 02:56:18 -0600
  Processing by UsersController#create as HTML
  Parameters: {"utf8"=>"✓", "authenticity_token"=>"PGpnW+3UQJH4UbEE1sJdjLb5S1b8I9IvEryax/ixgjw=", "user"=>{"name"=>"", "email"=>"", "password"=>"[FILTERED]", "password_confirmation"=>"[FILTERED]"}, "commit"=>"Sign up"}
  [1m[36mUser Load (0.2ms)[0m  [1mSELECT "users"."id" FROM "users" WHERE (LOWER("users"."email") = LOWER('')) LIMIT 1[0m
Rendered layouts/_stylesheets.html.erb (1.0ms)
Rendered layouts/_header.html.erb (1.1ms)
Rendered layouts/_footer.html.erb (0.7ms)
Rendered users/new.html.erb within layouts/application (10.6ms)
Completed 200 OK in 40ms (Views: 14.1ms | ActiveRecord: 0.2ms)


Started POST "/users" for 127.0.0.1 at 2011-03-22 02:56:23 -0600
  Processing by UsersController#create as HTML
  Parameters: {"utf8"=>"✓", "authenticity_token"=>"PGpnW+3UQJH4UbEE1sJdjLb5S1b8I9IvEryax/ixgjw=", "user"=>{"name"=>"adsfasdf", "email"=>"", "password"=>"[FILTERED]", "password_confirmation"=>"[FILTERED]"}, "commit"=>"Sign up"}
  [1m[35mUser Load (0.2ms)[0m  SELECT "users"."id" FROM "users" WHERE (LOWER("users"."email") = LOWER('')) LIMIT 1
Rendered layouts/_stylesheets.html.erb (0.9ms)
Rendered layouts/_header.html.erb (1.0ms)
Rendered layouts/_footer.html.erb (0.8ms)
Rendered users/new.html.erb within layouts/application (10.1ms)
Completed 200 OK in 71ms (Views: 13.6ms | ActiveRecord: 0.2ms)


Started POST "/users" for 127.0.0.1 at 2011-03-22 02:56:33 -0600
  Processing by UsersController#create as HTML
  Parameters: {"utf8"=>"✓", "authenticity_token"=>"PGpnW+3UQJH4UbEE1sJdjLb5S1b8I9IvEryax/ixgjw=", "user"=>{"name"=>"asdfad", "email"=>"aaaaaaaaaaa", "password"=>"[FILTERED]", "password_confirmation"=>"[FILTERED]"}, "commit"=>"Sign up"}
  [1m[36mUser Load (0.2ms)[0m  [1mSELECT "users"."id" FROM "users" WHERE (LOWER("users"."email") = LOWER('aaaaaaaaaaa')) LIMIT 1[0m
Rendered layouts/_stylesheets.html.erb (0.9ms)
Rendered layouts/_header.html.erb (1.0ms)
Rendered layouts/_footer.html.erb (0.7ms)
Rendered users/new.html.erb within layouts/application (9.9ms)
Completed 200 OK in 39ms (Views: 13.4ms | ActiveRecord: 0.2ms)


Started POST "/users" for 127.0.0.1 at 2011-03-22 02:58:34 -0600
  Processing by UsersController#create as HTML
  Parameters: {"utf8"=>"✓", "authenticity_token"=>"PGpnW+3UQJH4UbEE1sJdjLb5S1b8I9IvEryax/ixgjw=", "user"=>{"name"=>"asdfad", "email"=>"aaaaaaaaaaa", "password"=>"[FILTERED]", "password_confirmation"=>"[FILTERED]"}, "commit"=>"Sign up"}
  [1m[35mUser Load (0.2ms)[0m  SELECT "users"."id" FROM "users" WHERE (LOWER("users"."email") = LOWER('aaaaaaaaaaa')) LIMIT 1
Rendered layouts/_stylesheets.html.erb (1.0ms)
Rendered layouts/_header.html.erb (1.1ms)
Rendered layouts/_footer.html.erb (0.7ms)
Rendered users/new.html.erb within layouts/application (10.4ms)
Completed 200 OK in 39ms (Views: 13.9ms | ActiveRecord: 0.2ms)


Started POST "/users" for 127.0.0.1 at 2011-03-22 03:01:24 -0600
  Processing by UsersController#create as HTML
  Parameters: {"utf8"=>"✓", "authenticity_token"=>"PGpnW+3UQJH4UbEE1sJdjLb5S1b8I9IvEryax/ixgjw=", "user"=>{"name"=>"asdfad", "email"=>"aaaaaaaaaaa", "password"=>"[FILTERED]", "password_confirmation"=>"[FILTERED]"}, "commit"=>"Sign up"}
  [1m[36mUser Load (0.2ms)[0m  [1mSELECT "users"."id" FROM "users" WHERE (LOWER("users"."email") = LOWER('aaaaaaaaaaa')) LIMIT 1[0m
Rendered users/new.html.erb within layouts/application (2.6ms)
Completed   in 60ms

ActionView::Template::Error (Missing partial shared/error_messages with {:handlers=>[:erb, :rjs, :builder, :rhtml, :rxml], :formats=>[:html], :locale=>[:en, :en]} in view paths "/www/sample_app/app/views"):
    1: <h1>Sign up</h1>
    2: 
    3: <%= form_for(@user) do |f| %>
    4:   <%= render 'shared/error_messages' %>
    5:   <div class="field">
    6:     <%= f.label :name %><br />
    7:     <%= f.text_field :name %>
  app/views/users/new.html.erb:4:in `block in _app_views_users_new_html_erb___3587027469113931583_2177005600_2566241252104051119'
  app/views/users/new.html.erb:3:in `_app_views_users_new_html_erb___3587027469113931583_2177005600_2566241252104051119'
  app/controllers/users_controller.rb:16:in `create'

Rendered /Users/sherman/.rvm/gems/ruby-1.9.2-p180/gems/actionpack-3.0.5/lib/action_dispatch/middleware/templates/rescues/_trace.erb (1.4ms)
Rendered /Users/sherman/.rvm/gems/ruby-1.9.2-p180/gems/actionpack-3.0.5/lib/action_dispatch/middleware/templates/rescues/_request_and_response.erb (4.2ms)
Rendered /Users/sherman/.rvm/gems/ruby-1.9.2-p180/gems/actionpack-3.0.5/lib/action_dispatch/middleware/templates/rescues/template_error.erb within rescues/layout (10.9ms)


Started POST "/users" for 127.0.0.1 at 2011-03-22 03:01:40 -0600
  Processing by UsersController#create as HTML
  Parameters: {"utf8"=>"✓", "authenticity_token"=>"PGpnW+3UQJH4UbEE1sJdjLb5S1b8I9IvEryax/ixgjw=", "user"=>{"name"=>"asdfad", "email"=>"aaaaaaaaaaa", "password"=>"[FILTERED]", "password_confirmation"=>"[FILTERED]"}, "commit"=>"Sign up"}
  [1m[35mUser Load (0.2ms)[0m  SELECT "users"."id" FROM "users" WHERE (LOWER("users"."email") = LOWER('aaaaaaaaaaa')) LIMIT 1
Rendered users/new.html.erb within layouts/application (2.3ms)
Completed   in 36ms

ActionView::Template::Error (Missing partial shared/error_messages with {:handlers=>[:erb, :rjs, :builder, :rhtml, :rxml], :formats=>[:html], :locale=>[:en, :en]} in view paths "/www/sample_app/app/views"):
    1: <h1>Sign up</h1>
    2: 
    3: <%= form_for(@user) do |f| %>
    4:   <%= render 'shared/error_messages' %>
    5:   <div class="field">
    6:     <%= f.label :name %><br />
    7:     <%= f.text_field :name %>
  app/views/users/new.html.erb:4:in `block in _app_views_users_new_html_erb___3587027469113931583_2155141460_2566241252104051119'
  app/views/users/new.html.erb:3:in `_app_views_users_new_html_erb___3587027469113931583_2155141460_2566241252104051119'
  app/controllers/users_controller.rb:16:in `create'

Rendered /Users/sherman/.rvm/gems/ruby-1.9.2-p180/gems/actionpack-3.0.5/lib/action_dispatch/middleware/templates/rescues/_trace.erb (1.3ms)
Rendered /Users/sherman/.rvm/gems/ruby-1.9.2-p180/gems/actionpack-3.0.5/lib/action_dispatch/middleware/templates/rescues/_request_and_response.erb (4.3ms)
Rendered /Users/sherman/.rvm/gems/ruby-1.9.2-p180/gems/actionpack-3.0.5/lib/action_dispatch/middleware/templates/rescues/template_error.erb within rescues/layout (12.2ms)


Started POST "/users" for 127.0.0.1 at 2011-03-22 03:02:00 -0600
  Processing by UsersController#create as HTML
  Parameters: {"utf8"=>"✓", "authenticity_token"=>"PGpnW+3UQJH4UbEE1sJdjLb5S1b8I9IvEryax/ixgjw=", "user"=>{"name"=>"asdfad", "email"=>"aaaaaaaaaaa", "password"=>"[FILTERED]", "password_confirmation"=>"[FILTERED]"}, "commit"=>"Sign up"}
  [1m[36mUser Load (0.2ms)[0m  [1mSELECT "users"."id" FROM "users" WHERE (LOWER("users"."email") = LOWER('aaaaaaaaaaa')) LIMIT 1[0m
Rendered shared/_error_messages.html.erb (3.4ms)
Rendered layouts/_stylesheets.html.erb (0.9ms)
Rendered layouts/_header.html.erb (1.1ms)
Rendered layouts/_footer.html.erb (0.8ms)
Rendered users/new.html.erb within layouts/application (15.5ms)
Completed 200 OK in 47ms (Views: 19.6ms | ActiveRecord: 0.2ms)


Started POST "/users" for 127.0.0.1 at 2011-03-22 03:05:55 -0600
  Processing by UsersController#create as HTML
  Parameters: {"utf8"=>"✓", "authenticity_token"=>"PGpnW+3UQJH4UbEE1sJdjLb5S1b8I9IvEryax/ixgjw=", "user"=>{"name"=>"asdfad", "email"=>"aaaaaaaaaaa", "password"=>"[FILTERED]", "password_confirmation"=>"[FILTERED]"}, "commit"=>"Sign up"}
  [1m[36mSQL (0.2ms)[0m  [1m SELECT name
 FROM sqlite_master
 WHERE type = 'table' AND NOT name = 'sqlite_sequence'
[0m
  [1m[35mUser Load (0.1ms)[0m  SELECT "users"."id" FROM "users" WHERE (LOWER("users"."email") = LOWER('aaaaaaaaaaa')) LIMIT 1
Rendered shared/_error_messages.html.erb (3.3ms)
Rendered layouts/_stylesheets.html.erb (1.0ms)
Rendered layouts/_header.html.erb (1.4ms)
Rendered layouts/_footer.html.erb (27.9ms)
Rendered users/new.html.erb within layouts/application (43.9ms)
Completed 200 OK in 145ms (Views: 47.7ms | ActiveRecord: 0.3ms)


Started POST "/users" for 127.0.0.1 at 2011-03-22 03:13:24 -0600
  Processing by UsersController#create as HTML
  Parameters: {"utf8"=>"✓", "authenticity_token"=>"PGpnW+3UQJH4UbEE1sJdjLb5S1b8I9IvEryax/ixgjw=", "user"=>{"name"=>"Sherman", "email"=>"sherman@e19.ca", "password"=>"[FILTERED]", "password_confirmation"=>"[FILTERED]"}, "commit"=>"Sign up"}
  [1m[36mUser Load (0.2ms)[0m  [1mSELECT "users"."id" FROM "users" WHERE (LOWER("users"."email") = LOWER('sherman@e19.ca')) LIMIT 1[0m
Rendered shared/_error_messages.html.erb (1.6ms)
Rendered layouts/_stylesheets.html.erb (1.1ms)
Rendered layouts/_header.html.erb (1.4ms)
Rendered layouts/_footer.html.erb (0.9ms)
Rendered users/new.html.erb within layouts/application (14.4ms)
Completed 200 OK in 44ms (Views: 17.9ms | ActiveRecord: 0.2ms)


Started POST "/users" for 127.0.0.1 at 2011-03-22 03:13:33 -0600
  Processing by UsersController#create as HTML
  Parameters: {"utf8"=>"✓", "authenticity_token"=>"PGpnW+3UQJH4UbEE1sJdjLb5S1b8I9IvEryax/ixgjw=", "user"=>{"name"=>"Sherman", "email"=>"sherman@e19.ca", "password"=>"[FILTERED]", "password_confirmation"=>"[FILTERED]"}, "commit"=>"Sign up"}
  [1m[35mUser Load (0.2ms)[0m  SELECT "users"."id" FROM "users" WHERE (LOWER("users"."email") = LOWER('sherman@e19.ca')) LIMIT 1
Rendered shared/_error_messages.html.erb (1.5ms)
Rendered layouts/_stylesheets.html.erb (1.1ms)
Rendered layouts/_header.html.erb (1.1ms)
Rendered layouts/_footer.html.erb (0.7ms)
Rendered users/new.html.erb within layouts/application (14.1ms)
Completed 200 OK in 77ms (Views: 18.3ms | ActiveRecord: 0.2ms)


Started POST "/users" for 127.0.0.1 at 2011-03-22 03:13:38 -0600
  Processing by UsersController#create as HTML
  Parameters: {"utf8"=>"✓", "authenticity_token"=>"PGpnW+3UQJH4UbEE1sJdjLb5S1b8I9IvEryax/ixgjw=", "user"=>{"name"=>"Sherman", "email"=>"sherman@e19.ca", "password"=>"[FILTERED]", "password_confirmation"=>"[FILTERED]"}, "commit"=>"Sign up"}
  [1m[36mUser Load (0.2ms)[0m  [1mSELECT "users"."id" FROM "users" WHERE (LOWER("users"."email") = LOWER('sherman@e19.ca')) LIMIT 1[0m
  [1m[35mAREL (0.4ms)[0m  INSERT INTO "users" ("name", "email", "created_at", "updated_at", "encrypted_password", "salt") VALUES ('Sherman', 'sherman@e19.ca', '2011-03-22 09:13:38.156101', '2011-03-22 09:13:38.156101', '9b9616e1f9d7f3b82fe3c09216abe497545099a87be5e63cf00c72ebb747f002', '91b5a1ef3b9af615dbc39b8521b832806bb9d0cc6035c124a9cccc1252b9da1d')
Redirected to http://localhost:3000/users/1
Completed 302 Found in 48ms


Started GET "/users/1" for 127.0.0.1 at 2011-03-22 03:13:38 -0600
  Processing by UsersController#show as HTML
  Parameters: {"id"=>"1"}
  [1m[36mUser Load (0.2ms)[0m  [1mSELECT "users".* FROM "users" WHERE "users"."id" = 1 LIMIT 1[0m
Rendered layouts/_stylesheets.html.erb (1.0ms)
Rendered layouts/_header.html.erb (1.1ms)
Rendered layouts/_footer.html.erb (0.7ms)
Rendered users/show.html.erb within layouts/application (9.3ms)
Completed 200 OK in 38ms (Views: 13.0ms | ActiveRecord: 0.8ms)


Started POST "/users" for 127.0.0.1 at 2011-03-22 03:16:53 -0600
  Processing by UsersController#create as HTML
  Parameters: {"utf8"=>"✓", "authenticity_token"=>"PGpnW+3UQJH4UbEE1sJdjLb5S1b8I9IvEryax/ixgjw=", "user"=>{"name"=>"Sherman", "email"=>"sherman@e19.ca", "password"=>"[FILTERED]", "password_confirmation"=>"[FILTERED]"}, "commit"=>"Sign up"}
  [1m[35mUser Load (0.3ms)[0m  SELECT "users"."id" FROM "users" WHERE (LOWER("users"."email") = LOWER('sherman@e19.ca')) LIMIT 1
Rendered shared/_error_messages.html.erb (3.1ms)
Rendered layouts/_stylesheets.html.erb (1.0ms)
Rendered layouts/_header.html.erb (1.3ms)
Rendered layouts/_footer.html.erb (0.9ms)
Rendered users/new.html.erb within layouts/application (15.4ms)
Completed 200 OK in 75ms (Views: 19.0ms | ActiveRecord: 0.3ms)


Started POST "/users" for 127.0.0.1 at 2011-03-22 03:17:14 -0600
  Processing by UsersController#create as HTML
  Parameters: {"utf8"=>"✓", "authenticity_token"=>"PGpnW+3UQJH4UbEE1sJdjLb5S1b8I9IvEryax/ixgjw=", "user"=>{"name"=>"Sherman", "email"=>"example@railstutorials.org", "password"=>"[FILTERED]", "password_confirmation"=>"[FILTERED]"}, "commit"=>"Sign up"}
  [1m[36mUser Load (0.2ms)[0m  [1mSELECT "users"."id" FROM "users" WHERE (LOWER("users"."email") = LOWER('example@railstutorials.org')) LIMIT 1[0m
  [1m[35mAREL (0.4ms)[0m  INSERT INTO "users" ("name", "email", "created_at", "updated_at", "encrypted_password", "salt") VALUES ('Sherman', 'example@railstutorials.org', '2011-03-22 09:17:14.950503', '2011-03-22 09:17:14.950503', '57a3b19d390026f51089e2c8f87b5e3cc62cf4071f7f8a35681b8ea45228257b', '7c37ed3d6e0aabb747417b566b3aa176b3f8534ca2d7b2661911fc1f7f745892')
Redirected to http://localhost:3000/users/2
Completed 302 Found in 58ms


Started GET "/users/2" for 127.0.0.1 at 2011-03-22 03:17:14 -0600
  Processing by UsersController#show as HTML
  Parameters: {"id"=>"2"}
  [1m[36mUser Load (0.2ms)[0m  [1mSELECT "users".* FROM "users" WHERE "users"."id" = 2 LIMIT 1[0m
Rendered layouts/_stylesheets.html.erb (1.0ms)
Rendered layouts/_header.html.erb (1.0ms)
Rendered layouts/_footer.html.erb (0.7ms)
Rendered users/show.html.erb within layouts/application (8.2ms)
Completed 200 OK in 36ms (Views: 13.5ms | ActiveRecord: 0.7ms)
  [1m[36mUser Load (0.5ms)[0m  [1mSELECT "users".* FROM "users" LIMIT 1[0m
  [1m[35mSQL (0.2ms)[0m   SELECT name
 FROM sqlite_master
 WHERE type = 'table' AND NOT name = 'sqlite_sequence'
  [1m[36mUser Load (0.2ms)[0m  [1mSELECT "users".* FROM "users" WHERE "users"."id" = 2 LIMIT 1[0m


Started GET "/users/new" for 127.0.0.1 at 2011-03-22 03:38:02 -0600
  Processing by UsersController#new as HTML
Rendered shared/_error_messages.html.erb (0.8ms)
Rendered layouts/_stylesheets.html.erb (1.1ms)
Rendered layouts/_header.html.erb (1.4ms)
Rendered layouts/_footer.html.erb (0.9ms)
Rendered users/new.html.erb within layouts/application (28.1ms)
Completed 200 OK in 54ms (Views: 32.0ms | ActiveRecord: 0.0ms)


Started POST "/users" for 127.0.0.1 at 2011-03-22 03:38:05 -0600
  Processing by UsersController#create as HTML
  Parameters: {"utf8"=>"✓", "authenticity_token"=>"PGpnW+3UQJH4UbEE1sJdjLb5S1b8I9IvEryax/ixgjw=", "user"=>{"name"=>"", "email"=>"", "password"=>"[FILTERED]", "password_confirmation"=>"[FILTERED]"}, "commit"=>"Sign up"}
  [1m[36mSQL (0.2ms)[0m  [1m SELECT name
 FROM sqlite_master
 WHERE type = 'table' AND NOT name = 'sqlite_sequence'
[0m
  [1m[35mUser Load (0.2ms)[0m  SELECT "users"."id" FROM "users" WHERE (LOWER("users"."email") = LOWER('')) LIMIT 1
Rendered shared/_error_messages.html.erb (7.4ms)
Rendered layouts/_stylesheets.html.erb (1.2ms)
Rendered layouts/_header.html.erb (1.2ms)
Rendered layouts/_footer.html.erb (0.8ms)
Rendered users/new.html.erb within layouts/application (22.2ms)
Completed 200 OK in 174ms (Views: 25.8ms | ActiveRecord: 0.4ms)


Started POST "/users" for 127.0.0.1 at 2011-03-22 03:38:21 -0600
  Processing by UsersController#create as HTML
  Parameters: {"utf8"=>"✓", "authenticity_token"=>"PGpnW+3UQJH4UbEE1sJdjLb5S1b8I9IvEryax/ixgjw=", "user"=>{"name"=>"Test", "email"=>"sherman@e19.ca", "password"=>"[FILTERED]", "password_confirmation"=>"[FILTERED]"}, "commit"=>"Sign up"}
  [1m[36mUser Load (0.3ms)[0m  [1mSELECT "users"."id" FROM "users" WHERE (LOWER("users"."email") = LOWER('sherman@e19.ca')) LIMIT 1[0m
Rendered shared/_error_messages.html.erb (3.7ms)
Rendered layouts/_stylesheets.html.erb (1.1ms)
Rendered layouts/_header.html.erb (1.1ms)
Rendered layouts/_footer.html.erb (0.7ms)
Rendered users/new.html.erb within layouts/application (17.4ms)
Completed 200 OK in 77ms (Views: 20.9ms | ActiveRecord: 0.3ms)


Started GET "/signin" for 127.0.0.1 at 2011-03-22 14:46:49 -0600
  Processing by SessionsController#new as HTML
Rendered layouts/_stylesheets.html.erb (1.4ms)
Rendered layouts/_header.html.erb (1.7ms)
Rendered layouts/_footer.html.erb (0.8ms)
Rendered sessions/new.html.erb within layouts/application (29.0ms)
Completed 200 OK in 48ms (Views: 47.3ms | ActiveRecord: 0.0ms)


Started POST "/sessions" for 127.0.0.1 at 2011-03-22 14:46:58 -0600
  Processing by SessionsController#create as HTML
  Parameters: {"utf8"=>"✓", "authenticity_token"=>"PGpnW+3UQJH4UbEE1sJdjLb5S1b8I9IvEryax/ixgjw=", "session"=>{"email"=>"", "password"=>"[FILTERED]"}, "commit"=>"Sign in"}
Completed   in 36ms

ActionView::MissingTemplate (Missing template sessions/create with {:handlers=>[:erb, :rjs, :builder, :rhtml, :rxml], :formats=>[:html], :locale=>[:en, :en]} in view paths "/www/sample_app/app/views"):
  

Rendered /Users/sherman/.rvm/gems/ruby-1.9.2-p180/gems/actionpack-3.0.5/lib/action_dispatch/middleware/templates/rescues/missing_template.erb within rescues/layout (0.9ms)


Started GET "/session/new" for 127.0.0.1 at 2011-03-22 14:49:56 -0600

ActionController::RoutingError (No route matches "/session/new"):
  

Rendered /Users/sherman/.rvm/gems/ruby-1.9.2-p180/gems/actionpack-3.0.5/lib/action_dispatch/middleware/templates/rescues/routing_error.erb within rescues/layout (1.3ms)


Started GET "/sessions/new" for 127.0.0.1 at 2011-03-22 14:50:03 -0600
  Processing by SessionsController#new as HTML
Rendered layouts/_stylesheets.html.erb (1.7ms)
Rendered layouts/_header.html.erb (1.5ms)
Rendered layouts/_footer.html.erb (1.1ms)
Rendered sessions/new.html.erb within layouts/application (13.1ms)
Completed 200 OK in 19ms (Views: 17.7ms | ActiveRecord: 0.0ms)


Started GET "/sessions" for 127.0.0.1 at 2011-03-22 14:50:05 -0600

ActionController::RoutingError (No route matches "/sessions"):
  

Rendered /Users/sherman/.rvm/gems/ruby-1.9.2-p180/gems/actionpack-3.0.5/lib/action_dispatch/middleware/templates/rescues/routing_error.erb within rescues/layout (1.2ms)


Started GET "/sessions/" for 127.0.0.1 at 2011-03-22 14:50:26 -0600

ActionController::RoutingError (No route matches "/sessions"):
  

Rendered /Users/sherman/.rvm/gems/ruby-1.9.2-p180/gems/actionpack-3.0.5/lib/action_dispatch/middleware/templates/rescues/routing_error.erb within rescues/layout (1.3ms)


Started GET "/sessions/new" for 127.0.0.1 at 2011-03-22 14:50:28 -0600
  Processing by SessionsController#new as HTML
Rendered layouts/_stylesheets.html.erb (2.5ms)
Rendered layouts/_header.html.erb (1.2ms)
Rendered layouts/_footer.html.erb (0.8ms)
Rendered sessions/new.html.erb within layouts/application (10.5ms)
Completed 200 OK in 15ms (Views: 14.2ms | ActiveRecord: 0.0ms)


Started POST "/sessions" for 127.0.0.1 at 2011-03-22 14:51:01 -0600
  Processing by SessionsController#create as HTML
  Parameters: {"utf8"=>"✓", "authenticity_token"=>"PGpnW+3UQJH4UbEE1sJdjLb5S1b8I9IvEryax/ixgjw=", "session"=>{"email"=>"", "password"=>"[FILTERED]"}, "commit"=>"Sign in"}
Rendered layouts/_stylesheets.html.erb (2.3ms)
Rendered layouts/_header.html.erb (1.1ms)
Rendered layouts/_footer.html.erb (0.8ms)
Rendered sessions/new.html.erb within layouts/application (12.3ms)
Completed 200 OK in 18ms (Views: 17.9ms | ActiveRecord: 0.0ms)


Started POST "/sessions" for 127.0.0.1 at 2011-03-22 15:06:20 -0600
  Processing by SessionsController#create as HTML
  Parameters: {"utf8"=>"✓", "authenticity_token"=>"PGpnW+3UQJH4UbEE1sJdjLb5S1b8I9IvEryax/ixgjw=", "session"=>{"email"=>"", "password"=>"[FILTERED]"}, "commit"=>"Sign in"}
  [1m[36mSQL (6.8ms)[0m  [1m SELECT name
 FROM sqlite_master
 WHERE type = 'table' AND NOT name = 'sqlite_sequence'
[0m
  [1m[35mUser Load (8.5ms)[0m  SELECT "users".* FROM "users" WHERE "users"."email" = '' LIMIT 1
Rendered layouts/_stylesheets.html.erb (1.3ms)
Rendered layouts/_header.html.erb (1.5ms)
Rendered layouts/_footer.html.erb (0.9ms)
Rendered sessions/new.html.erb within layouts/application (11.6ms)
Completed 200 OK in 391ms (Views: 15.5ms | ActiveRecord: 15.3ms)


Started GET "/" for 127.0.0.1 at 2011-03-22 17:17:19 -0600
  Processing by PagesController#home as HTML
Rendered layouts/_stylesheets.html.erb (1.0ms)
  [1m[36mSQL (0.2ms)[0m  [1m SELECT name
 FROM sqlite_master
 WHERE type = 'table' AND NOT name = 'sqlite_sequence'
[0m
  [1m[35mUser Load (0.2ms)[0m  SELECT "users".* FROM "users" WHERE "users"."id" IS NULL LIMIT 1
  [1m[36mCACHE (0.0ms)[0m  [1mSELECT "users".* FROM "users" WHERE "users"."id" IS NULL LIMIT 1[0m
Rendered layouts/_header.html.erb (136.9ms)
Rendered layouts/_footer.html.erb (0.8ms)
Rendered pages/home.html.erb within layouts/application (143.7ms)
Completed 200 OK in 148ms (Views: 147.1ms | ActiveRecord: 0.4ms)


Started GET "/signin" for 127.0.0.1 at 2011-03-22 17:17:23 -0600
  Processing by SessionsController#new as HTML
Rendered layouts/_stylesheets.html.erb (1.0ms)
  [1m[35mUser Load (0.2ms)[0m  SELECT "users".* FROM "users" WHERE "users"."id" IS NULL LIMIT 1
  [1m[36mCACHE (0.0ms)[0m  [1mSELECT "users".* FROM "users" WHERE "users"."id" IS NULL LIMIT 1[0m
Rendered layouts/_header.html.erb (25.5ms)
Rendered layouts/_footer.html.erb (0.9ms)
Rendered sessions/new.html.erb within layouts/application (37.4ms)
Completed 200 OK in 41ms (Views: 40.6ms | ActiveRecord: 0.2ms)


Started POST "/sessions" for 127.0.0.1 at 2011-03-22 17:17:32 -0600
  Processing by SessionsController#create as HTML
  Parameters: {"utf8"=>"✓", "authenticity_token"=>"PGpnW+3UQJH4UbEE1sJdjLb5S1b8I9IvEryax/ixgjw=", "session"=>{"email"=>"sherman@e19.ca", "password"=>"[FILTERED]"}, "commit"=>"Sign in"}
  [1m[35mUser Load (12.1ms)[0m  SELECT "users".* FROM "users" WHERE "users"."email" = 'sherman@e19.ca' LIMIT 1
Redirected to http://localhost:3000/users/1
Completed 302 Found in 83ms


Started GET "/users/1" for 127.0.0.1 at 2011-03-22 17:17:32 -0600
  Processing by UsersController#show as HTML
  Parameters: {"id"=>"1"}
  [1m[36mUser Load (0.2ms)[0m  [1mSELECT "users".* FROM "users" WHERE "users"."id" = 1 LIMIT 1[0m
Rendered layouts/_stylesheets.html.erb (1.0ms)
  [1m[35mCACHE (0.0ms)[0m  SELECT "users".* FROM "users" WHERE "users"."id" = 1 LIMIT 1
Rendered layouts/_header.html.erb (2.9ms)
Rendered layouts/_footer.html.erb (0.8ms)
Rendered users/show.html.erb within layouts/application (11.3ms)
Completed 200 OK in 38ms (Views: 16.3ms | ActiveRecord: 12.3ms)


Started GET "/help" for 127.0.0.1 at 2011-03-22 17:17:41 -0600
  Processing by PagesController#help as HTML
Rendered layouts/_stylesheets.html.erb (2.7ms)
  [1m[36mUser Load (0.2ms)[0m  [1mSELECT "users".* FROM "users" WHERE "users"."id" = 1 LIMIT 1[0m
Rendered layouts/_header.html.erb (34.6ms)
Rendered layouts/_footer.html.erb (0.9ms)
Rendered pages/help.html.erb within layouts/application (43.6ms)
Completed 200 OK in 48ms (Views: 47.2ms | ActiveRecord: 0.2ms)


Started GET "/" for 127.0.0.1 at 2011-03-22 17:17:53 -0600
  Processing by PagesController#home as HTML
Rendered layouts/_stylesheets.html.erb (1.0ms)
  [1m[35mUser Load (0.2ms)[0m  SELECT "users".* FROM "users" WHERE "users"."id" = 1 LIMIT 1
Rendered layouts/_header.html.erb (63.3ms)
Rendered layouts/_footer.html.erb (0.8ms)
Rendered pages/home.html.erb within layouts/application (69.8ms)
Completed 200 OK in 75ms (Views: 74.4ms | ActiveRecord: 0.2ms)


Started GET "/" for 127.0.0.1 at 2011-03-22 17:17:55 -0600
  Processing by PagesController#home as HTML
Rendered layouts/_stylesheets.html.erb (1.6ms)
  [1m[36mUser Load (0.2ms)[0m  [1mSELECT "users".* FROM "users" WHERE "users"."id" = 1 LIMIT 1[0m
Rendered layouts/_header.html.erb (32.1ms)
Rendered layouts/_footer.html.erb (1.0ms)
Rendered pages/home.html.erb within layouts/application (40.7ms)
Completed 200 OK in 45ms (Views: 44.1ms | ActiveRecord: 0.2ms)


Started GET "/help" for 127.0.0.1 at 2011-03-22 17:17:58 -0600
  Processing by PagesController#help as HTML
Rendered layouts/_stylesheets.html.erb (1.0ms)
  [1m[35mUser Load (0.2ms)[0m  SELECT "users".* FROM "users" WHERE "users"."id" = 1 LIMIT 1
Rendered layouts/_header.html.erb (31.0ms)
Rendered layouts/_footer.html.erb (0.9ms)
Rendered pages/help.html.erb within layouts/application (40.6ms)
Completed 200 OK in 45ms (Views: 44.1ms | ActiveRecord: 0.2ms)


Started GET "/users/1" for 127.0.0.1 at 2011-03-22 17:17:59 -0600
  Processing by UsersController#show as HTML
  Parameters: {"id"=>"1"}
  [1m[36mUser Load (0.2ms)[0m  [1mSELECT "users".* FROM "users" WHERE "users"."id" = 1 LIMIT 1[0m
Rendered layouts/_stylesheets.html.erb (1.0ms)
  [1m[35mCACHE (0.0ms)[0m  SELECT "users".* FROM "users" WHERE "users"."id" = 1 LIMIT 1
Rendered layouts/_header.html.erb (3.0ms)
Rendered layouts/_footer.html.erb (0.9ms)
Rendered users/show.html.erb within layouts/application (12.0ms)
Completed 200 OK in 72ms (Views: 17.2ms | ActiveRecord: 0.2ms)


Started GET "/" for 127.0.0.1 at 2011-03-22 17:18:01 -0600
  Processing by PagesController#home as HTML
Rendered layouts/_stylesheets.html.erb (1.0ms)
  [1m[36mUser Load (0.2ms)[0m  [1mSELECT "users".* FROM "users" WHERE "users"."id" = 1 LIMIT 1[0m
Rendered layouts/_header.html.erb (28.9ms)
Rendered layouts/_footer.html.erb (0.9ms)
Rendered pages/home.html.erb within layouts/application (37.4ms)
Completed 200 OK in 41ms (Views: 40.8ms | ActiveRecord: 0.2ms)


Started GET "/signout" for 127.0.0.1 at 2011-03-22 17:18:03 -0600
  Processing by SessionsController#destroy as HTML
Redirected to http://localhost:3000/
Completed 302 Found in 1ms


Started GET "/" for 127.0.0.1 at 2011-03-22 17:18:03 -0600
  Processing by PagesController#home as HTML
Rendered layouts/_stylesheets.html.erb (1.2ms)
  [1m[35mUser Load (0.2ms)[0m  SELECT "users".* FROM "users" WHERE "users"."id" IS NULL LIMIT 1
  [1m[36mCACHE (0.0ms)[0m  [1mSELECT "users".* FROM "users" WHERE "users"."id" IS NULL LIMIT 1[0m
Rendered layouts/_header.html.erb (23.5ms)
Rendered layouts/_footer.html.erb (0.9ms)
Rendered pages/home.html.erb within layouts/application (32.3ms)
Completed 200 OK in 36ms (Views: 35.7ms | ActiveRecord: 0.2ms)


Started GET "/signin" for 127.0.0.1 at 2011-03-22 17:18:07 -0600
  Processing by SessionsController#new as HTML
Rendered layouts/_stylesheets.html.erb (1.7ms)
  [1m[35mUser Load (0.2ms)[0m  SELECT "users".* FROM "users" WHERE "users"."id" IS NULL LIMIT 1
  [1m[36mCACHE (0.0ms)[0m  [1mSELECT "users".* FROM "users" WHERE "users"."id" IS NULL LIMIT 1[0m
Rendered layouts/_header.html.erb (59.2ms)
Rendered layouts/_footer.html.erb (0.8ms)
Rendered sessions/new.html.erb within layouts/application (68.6ms)
Completed 200 OK in 72ms (Views: 71.9ms | ActiveRecord: 0.2ms)


Started POST "/sessions" for 127.0.0.1 at 2011-03-22 17:18:11 -0600
  Processing by SessionsController#create as HTML
  Parameters: {"utf8"=>"✓", "authenticity_token"=>"PGpnW+3UQJH4UbEE1sJdjLb5S1b8I9IvEryax/ixgjw=", "session"=>{"email"=>"asdf", "password"=>"[FILTERED]"}, "commit"=>"Sign in"}
  [1m[35mUser Load (0.2ms)[0m  SELECT "users".* FROM "users" WHERE "users"."email" = 'asdf' LIMIT 1
Rendered layouts/_stylesheets.html.erb (1.0ms)
  [1m[36mUser Load (0.2ms)[0m  [1mSELECT "users".* FROM "users" WHERE "users"."id" IS NULL LIMIT 1[0m
  [1m[35mCACHE (0.0ms)[0m  SELECT "users".* FROM "users" WHERE "users"."id" IS NULL LIMIT 1
Rendered layouts/_header.html.erb (2.6ms)
Rendered layouts/_footer.html.erb (1.6ms)
Rendered sessions/new.html.erb within layouts/application (12.0ms)
Completed 200 OK in 34ms (Views: 15.4ms | ActiveRecord: 0.4ms)


Started POST "/sessions" for 127.0.0.1 at 2011-03-22 17:18:14 -0600
  Processing by SessionsController#create as HTML
  Parameters: {"utf8"=>"✓", "authenticity_token"=>"PGpnW+3UQJH4UbEE1sJdjLb5S1b8I9IvEryax/ixgjw=", "session"=>{"email"=>"asdf", "password"=>"[FILTERED]"}, "commit"=>"Sign in"}
  [1m[36mUser Load (0.2ms)[0m  [1mSELECT "users".* FROM "users" WHERE "users"."email" = 'asdf' LIMIT 1[0m
Rendered layouts/_stylesheets.html.erb (0.9ms)
  [1m[35mUser Load (0.2ms)[0m  SELECT "users".* FROM "users" WHERE "users"."id" IS NULL LIMIT 1
  [1m[36mCACHE (0.0ms)[0m  [1mSELECT "users".* FROM "users" WHERE "users"."id" IS NULL LIMIT 1[0m
Rendered layouts/_header.html.erb (2.8ms)
Rendered layouts/_footer.html.erb (0.9ms)
Rendered sessions/new.html.erb within layouts/application (10.9ms)
Completed 200 OK in 67ms (Views: 47.7ms | ActiveRecord: 0.4ms)


Started GET "/signup" for 127.0.0.1 at 2011-03-22 17:18:15 -0600
  Processing by UsersController#new as HTML
Rendered shared/_error_messages.html.erb (0.6ms)
Rendered layouts/_stylesheets.html.erb (1.0ms)
  [1m[35mUser Load (0.2ms)[0m  SELECT "users".* FROM "users" WHERE "users"."id" IS NULL LIMIT 1
  [1m[36mCACHE (0.0ms)[0m  [1mSELECT "users".* FROM "users" WHERE "users"."id" IS NULL LIMIT 1[0m
Rendered layouts/_header.html.erb (6.3ms)
Rendered layouts/_footer.html.erb (1.0ms)
Rendered users/new.html.erb within layouts/application (24.5ms)
Completed 200 OK in 45ms (Views: 28.0ms | ActiveRecord: 0.2ms)


Started POST "/sessions" for 127.0.0.1 at 2011-03-22 17:18:21 -0600
  Processing by SessionsController#create as HTML
  Parameters: {"utf8"=>"✓", "authenticity_token"=>"PGpnW+3UQJH4UbEE1sJdjLb5S1b8I9IvEryax/ixgjw=", "session"=>{"email"=>"sherman@e19.ca", "password"=>"[FILTERED]"}, "commit"=>"Sign in"}
  [1m[35mUser Load (0.2ms)[0m  SELECT "users".* FROM "users" WHERE "users"."email" = 'sherman@e19.ca' LIMIT 1
Redirected to http://localhost:3000/users/1
Completed 302 Found in 61ms


Started GET "/users/1" for 127.0.0.1 at 2011-03-22 17:18:21 -0600
  Processing by UsersController#show as HTML
  Parameters: {"id"=>"1"}
  [1m[36mUser Load (0.2ms)[0m  [1mSELECT "users".* FROM "users" WHERE "users"."id" = 1 LIMIT 1[0m
Rendered layouts/_stylesheets.html.erb (0.9ms)
  [1m[35mCACHE (0.0ms)[0m  SELECT "users".* FROM "users" WHERE "users"."id" = 1 LIMIT 1
Rendered layouts/_header.html.erb (2.7ms)
Rendered layouts/_footer.html.erb (0.7ms)
Rendered users/show.html.erb within layouts/application (9.8ms)
Completed 200 OK in 38ms (Views: 15.1ms | ActiveRecord: 0.4ms)


Started GET "/users/1" for 127.0.0.1 at 2011-03-22 17:18:30 -0600
  Processing by UsersController#show as HTML
  Parameters: {"id"=>"1"}
  [1m[36mUser Load (0.2ms)[0m  [1mSELECT "users".* FROM "users" WHERE "users"."id" = 1 LIMIT 1[0m
Rendered layouts/_stylesheets.html.erb (1.8ms)
  [1m[35mCACHE (0.0ms)[0m  SELECT "users".* FROM "users" WHERE "users"."id" = 1 LIMIT 1
Rendered layouts/_header.html.erb (3.4ms)
Rendered layouts/_footer.html.erb (0.9ms)
Rendered users/show.html.erb within layouts/application (12.7ms)
Completed 200 OK in 72ms (Views: 16.4ms | ActiveRecord: 0.2ms)


Started GET "/" for 127.0.0.1 at 2011-03-23 00:47:32 -0600
  Processing by PagesController#home as HTML
Rendered layouts/_stylesheets.html.erb (1.1ms)
  [1m[36mSQL (0.2ms)[0m  [1m SELECT name
 FROM sqlite_master
 WHERE type = 'table' AND NOT name = 'sqlite_sequence'
[0m
  [1m[35mUser Load (0.2ms)[0m  SELECT "users".* FROM "users" WHERE "users"."id" IS NULL LIMIT 1
  [1m[36mCACHE (0.0ms)[0m  [1mSELECT "users".* FROM "users" WHERE "users"."id" IS NULL LIMIT 1[0m
Rendered layouts/_header.html.erb (123.8ms)
Rendered layouts/_footer.html.erb (0.9ms)
Rendered pages/home.html.erb within layouts/application (131.1ms)
Completed 200 OK in 178ms (Views: 177.0ms | ActiveRecord: 0.4ms)


Started GET "/signup" for 127.0.0.1 at 2011-03-23 00:48:08 -0600
  Processing by UsersController#new as HTML
Rendered shared/_error_messages.html.erb (0.8ms)
Rendered layouts/_stylesheets.html.erb (1.0ms)
  [1m[35mUser Load (0.2ms)[0m  SELECT "users".* FROM "users" WHERE "users"."id" IS NULL LIMIT 1
  [1m[36mCACHE (0.0ms)[0m  [1mSELECT "users".* FROM "users" WHERE "users"."id" IS NULL LIMIT 1[0m
Rendered layouts/_header.html.erb (6.8ms)
Rendered layouts/_footer.html.erb (0.8ms)
Rendered users/new.html.erb within layouts/application (57.5ms)
Completed 200 OK in 103ms (Views: 61.0ms | ActiveRecord: 0.2ms)
